#! /usr/bin/vvp
:ivl_version "12.0 (stable)";
:ivl_delay_selection "TYPICAL";
:vpi_time_precision - 12;
:vpi_module "/usr/lib/x86_64-linux-gnu/ivl/system.vpi";
:vpi_module "/usr/lib/x86_64-linux-gnu/ivl/vhdl_sys.vpi";
:vpi_module "/usr/lib/x86_64-linux-gnu/ivl/vhdl_textio.vpi";
:vpi_module "/usr/lib/x86_64-linux-gnu/ivl/v2005_math.vpi";
:vpi_module "/usr/lib/x86_64-linux-gnu/ivl/va_math.vpi";
S_0x623ec396e8f0 .scope module, "tb_raiz" "tb_raiz" 2 8;
 .timescale -9 -12;
P_0x623ec398f9d0 .param/l "CNT_WIDTH" 0 2 13, +C4<00000000000000000000000000000100>;
P_0x623ec398fa10 .param/l "N" 0 2 10, +C4<00000000000000000000000000010000>;
P_0x623ec398fa50 .param/l "PW" 0 2 11, +C4<00000000000000000000000000001000>;
P_0x623ec398fa90 .param/l "RE_WIDTH" 0 2 12, +C4<00000000000000000000000000001010>;
v0x623ec39b4710_0 .net "DONE", 0 0, v0x623ec3955350_0;  1 drivers
v0x623ec39b47d0_0 .net "P", 7 0, v0x623ec39b0de0_0;  1 drivers
v0x623ec39b4920_0 .net "Rem", 9 0, v0x623ec39b1840_0;  1 drivers
v0x623ec39b4a50_0 .var "a", 15 0;
v0x623ec39b4b10_0 .var "clk", 0 0;
v0x623ec39b4bb0_0 .var/i "errors", 31 0;
v0x623ec39b4c90_0 .var "rst", 0 0;
v0x623ec39b4d30_0 .var "start", 0 0;
v0x623ec39b4e20_0 .var/i "tests", 31 0;
S_0x623ec396eb70 .scope function.vec4.u32, "isqrt" "isqrt" 2 41, 2 41 0, S_0x623ec396e8f0;
 .timescale -9 -12;
; Variable isqrt is vec4 return value of scope S_0x623ec396eb70
v0x623ec398a1c0_0 .var/i "p", 31 0;
v0x623ec398a730_0 .var/i "val", 31 0;
TD_tb_raiz.isqrt ;
    %pushi/vec4 0, 0, 32;
    %store/vec4 v0x623ec398a1c0_0, 0, 32;
T_0.0 ;
    %load/vec4 v0x623ec398a1c0_0;
    %addi 1, 0, 32;
    %load/vec4 v0x623ec398a1c0_0;
    %addi 1, 0, 32;
    %mul;
    %load/vec4 v0x623ec398a730_0;
    %cmp/s;
    %flag_or 5, 4;
    %jmp/0xz T_0.1, 5;
    %load/vec4 v0x623ec398a1c0_0;
    %addi 1, 0, 32;
    %store/vec4 v0x623ec398a1c0_0, 0, 32;
    %jmp T_0.0;
T_0.1 ;
    %load/vec4 v0x623ec398a1c0_0;
    %ret/vec4 0, 0, 32;  Assign to isqrt (store_vec4_to_lval)
    %end;
S_0x623ec39acf60 .scope task, "run_test" "run_test" 2 51, 2 51 0, S_0x623ec396e8f0;
 .timescale -9 -12;
v0x623ec3954570_0 .var/i "expected_p", 31 0;
v0x623ec3954900_0 .var/i "expected_rem", 31 0;
v0x623ec3954b10_0 .var "ta", 15 0;
E_0x623ec3970ff0 .event posedge, v0x623ec39ae4e0_0;
E_0x623ec39717a0 .event anyedge, v0x623ec3955350_0;
TD_tb_raiz.run_test ;
    %load/vec4 v0x623ec39b4e20_0;
    %addi 1, 0, 32;
    %store/vec4 v0x623ec39b4e20_0, 0, 32;
    %load/vec4 v0x623ec3954b10_0;
    %pad/u 32;
    %store/vec4 v0x623ec398a730_0, 0, 32;
    %callf/vec4 TD_tb_raiz.isqrt, S_0x623ec396eb70;
    %store/vec4 v0x623ec3954570_0, 0, 32;
    %load/vec4 v0x623ec3954b10_0;
    %pad/u 32;
    %load/vec4 v0x623ec3954570_0;
    %load/vec4 v0x623ec3954570_0;
    %mul;
    %sub;
    %store/vec4 v0x623ec3954900_0, 0, 32;
    %load/vec4 v0x623ec3954b10_0;
    %store/vec4 v0x623ec39b4a50_0, 0, 16;
    %pushi/vec4 0, 0, 1;
    %store/vec4 v0x623ec39b4d30_0, 0, 1;
    %wait E_0x623ec3970ff0;
    %pushi/vec4 1, 0, 1;
    %store/vec4 v0x623ec39b4d30_0, 0, 1;
    %wait E_0x623ec3970ff0;
    %wait E_0x623ec3970ff0;
    %pushi/vec4 0, 0, 1;
    %store/vec4 v0x623ec39b4d30_0, 0, 1;
T_1.2 ;
    %load/vec4 v0x623ec39b4710_0;
    %pushi/vec4 1, 0, 1;
    %cmp/e;
    %flag_get/vec4 4;
    %cmpi/ne 1, 0, 1;
    %jmp/0xz T_1.3, 6;
    %wait E_0x623ec39717a0;
    %jmp T_1.2;
T_1.3 ;
    %wait E_0x623ec3970ff0;
    %load/vec4 v0x623ec39b47d0_0;
    %load/vec4 v0x623ec3954570_0;
    %parti/s 8, 0, 2;
    %cmp/ne;
    %jmp/1 T_1.6, 6;
    %flag_mov 8, 6;
    %load/vec4 v0x623ec39b4920_0;
    %load/vec4 v0x623ec3954900_0;
    %parti/s 10, 0, 2;
    %cmp/ne;
    %flag_or 6, 8;
T_1.6;
    %jmp/0xz  T_1.4, 6;
    %vpi_call 2 73 "$display", "FALLO: a=%0d -> P=%0d Rem=%0d (esperado P=%0d Rem=%0d)", v0x623ec3954b10_0, v0x623ec39b47d0_0, v0x623ec39b4920_0, v0x623ec3954570_0, v0x623ec3954900_0 {0 0 0};
    %load/vec4 v0x623ec39b4bb0_0;
    %addi 1, 0, 32;
    %store/vec4 v0x623ec39b4bb0_0, 0, 32;
    %jmp T_1.5;
T_1.4 ;
    %vpi_call 2 77 "$display", "OK   : a=%0d -> P=%0d Rem=%0d", v0x623ec3954b10_0, v0x623ec39b47d0_0, v0x623ec39b4920_0 {0 0 0};
T_1.5 ;
    %wait E_0x623ec3970ff0;
    %end;
S_0x623ec39ad290 .scope module, "uut" "raiz_top" 2 26, 3 6 0, S_0x623ec396e8f0;
 .timescale -9 -12;
    .port_info 0 /INPUT 1 "clk";
    .port_info 1 /INPUT 1 "rst";
    .port_info 2 /INPUT 1 "start";
    .port_info 3 /INPUT 16 "a";
    .port_info 4 /OUTPUT 8 "P";
    .port_info 5 /OUTPUT 10 "Rem";
    .port_info 6 /OUTPUT 1 "DONE";
P_0x623ec398f8c0 .param/l "CNT_WIDTH" 0 3 10, +C4<00000000000000000000000000000100>;
P_0x623ec398f900 .param/l "N" 0 3 7, +C4<00000000000000000000000000010000>;
P_0x623ec398f940 .param/l "PW" 0 3 8, +C4<00000000000000000000000000001000>;
P_0x623ec398f980 .param/l "RE_WIDTH" 0 3 9, +C4<00000000000000000000000000001010>;
v0x623ec39b3c00_0 .net "DONE", 0 0, v0x623ec3955350_0;  alias, 1 drivers
v0x623ec39b3cc0_0 .net "LD", 0 0, v0x623ec39adf40_0;  1 drivers
v0x623ec39b3d60_0 .net "LDC", 0 0, v0x623ec39ae000_0;  1 drivers
v0x623ec39b3e00_0 .net "LDR", 0 0, v0x623ec39ae0d0_0;  1 drivers
v0x623ec39b3ea0_0 .net "Ne", 0 0, v0x623ec39ae190_0;  1 drivers
v0x623ec39b4020_0 .net "P", 7 0, v0x623ec39b0de0_0;  alias, 1 drivers
v0x623ec39b40c0_0 .net "Rem", 9 0, v0x623ec39b1840_0;  alias, 1 drivers
v0x623ec39b4160_0 .net "SH", 0 0, v0x623ec39ae2a0_0;  1 drivers
v0x623ec39b4200_0 .net "Sumf", 0 0, L_0x623ec3954470;  1 drivers
v0x623ec39b4330_0 .net "Z", 0 0, L_0x623ec39b5770;  1 drivers
v0x623ec39b43d0_0 .net "a", 15 0, v0x623ec39b4a50_0;  1 drivers
v0x623ec39b4490_0 .net "clk", 0 0, v0x623ec39b4b10_0;  1 drivers
v0x623ec39b4530_0 .net "rst", 0 0, v0x623ec39b4c90_0;  1 drivers
v0x623ec39b45d0_0 .net "start", 0 0, v0x623ec39b4d30_0;  1 drivers
S_0x623ec39ad750 .scope module, "u_control" "control" 3 24, 4 14 0, S_0x623ec39ad290;
 .timescale -9 -12;
    .port_info 0 /INPUT 1 "clk";
    .port_info 1 /INPUT 1 "rst";
    .port_info 2 /INPUT 1 "start";
    .port_info 3 /INPUT 1 "Sumf";
    .port_info 4 /INPUT 1 "Z";
    .port_info 5 /OUTPUT 1 "LD";
    .port_info 6 /OUTPUT 1 "SH";
    .port_info 7 /OUTPUT 1 "LDC";
    .port_info 8 /OUTPUT 1 "LDR";
    .port_info 9 /OUTPUT 1 "Ne";
    .port_info 10 /OUTPUT 1 "DONE";
P_0x623ec39ad930 .param/l "CHECK1" 1 4 32, C4<011>;
P_0x623ec39ad970 .param/l "CHECK2" 1 4 33, C4<100>;
P_0x623ec39ad9b0 .param/l "ENDST" 1 4 34, C4<101>;
P_0x623ec39ad9f0 .param/l "STAD1" 1 4 30, C4<001>;
P_0x623ec39ada30 .param/l "STAD2" 1 4 31, C4<010>;
P_0x623ec39ada70 .param/l "START" 1 4 29, C4<000>;
v0x623ec3955350_0 .var "DONE", 0 0;
v0x623ec39adf40_0 .var "LD", 0 0;
v0x623ec39ae000_0 .var "LDC", 0 0;
v0x623ec39ae0d0_0 .var "LDR", 0 0;
v0x623ec39ae190_0 .var "Ne", 0 0;
v0x623ec39ae2a0_0 .var "SH", 0 0;
v0x623ec39ae360_0 .net "Sumf", 0 0, L_0x623ec3954470;  alias, 1 drivers
v0x623ec39ae420_0 .net "Z", 0 0, L_0x623ec39b5770;  alias, 1 drivers
v0x623ec39ae4e0_0 .net "clk", 0 0, v0x623ec39b4b10_0;  alias, 1 drivers
v0x623ec39ae5a0_0 .var "next_state", 2 0;
v0x623ec39ae680_0 .net "rst", 0 0, v0x623ec39b4c90_0;  alias, 1 drivers
v0x623ec39ae740_0 .net "start", 0 0, v0x623ec39b4d30_0;  alias, 1 drivers
v0x623ec39ae800_0 .var "state", 2 0;
E_0x623ec3943390 .event anyedge, v0x623ec39ae800_0;
E_0x623ec3991aa0 .event anyedge, v0x623ec39ae800_0, v0x623ec39ae740_0, v0x623ec39ae360_0, v0x623ec39ae420_0;
E_0x623ec3991c00 .event posedge, v0x623ec39ae680_0, v0x623ec39ae4e0_0;
S_0x623ec39aea40 .scope module, "u_datapath" "datapath" 3 38, 5 8 0, S_0x623ec39ad290;
 .timescale -9 -12;
    .port_info 0 /INPUT 1 "clk";
    .port_info 1 /INPUT 16 "a";
    .port_info 2 /INPUT 1 "LD";
    .port_info 3 /INPUT 1 "SH";
    .port_info 4 /INPUT 1 "LDC";
    .port_info 5 /INPUT 1 "LDR";
    .port_info 6 /INPUT 1 "Ne";
    .port_info 7 /OUTPUT 1 "Sumf";
    .port_info 8 /OUTPUT 1 "Z";
    .port_info 9 /OUTPUT 8 "P";
    .port_info 10 /OUTPUT 10 "Rem";
P_0x623ec39aebf0 .param/l "CNT_WIDTH" 0 5 12, +C4<00000000000000000000000000000100>;
P_0x623ec39aec30 .param/l "N" 0 5 9, +C4<00000000000000000000000000010000>;
P_0x623ec39aec70 .param/l "PW" 0 5 10, +C4<00000000000000000000000000001000>;
P_0x623ec39aecb0 .param/l "RE_WIDTH" 0 5 11, +C4<00000000000000000000000000001010>;
v0x623ec39b2cb0_0 .net "A_reg", 15 0, v0x623ec39b1590_0;  1 drivers
v0x623ec39b2d90_0 .net "Co", 7 0, v0x623ec39b03c0_0;  1 drivers
v0x623ec39b2e30_0 .net "LD", 0 0, v0x623ec39adf40_0;  alias, 1 drivers
v0x623ec39b2f60_0 .net "LDC", 0 0, v0x623ec39ae000_0;  alias, 1 drivers
v0x623ec39b3000_0 .net "LDR", 0 0, v0x623ec39ae0d0_0;  alias, 1 drivers
v0x623ec39b3140_0 .net "Ne", 0 0, v0x623ec39ae190_0;  alias, 1 drivers
v0x623ec39b31e0_0 .net "P", 7 0, v0x623ec39b0de0_0;  alias, 1 drivers
v0x623ec39b32d0_0 .net "Rem", 9 0, v0x623ec39b1840_0;  alias, 1 drivers
v0x623ec39b33e0_0 .net "SH", 0 0, v0x623ec39ae2a0_0;  alias, 1 drivers
v0x623ec39b35a0_0 .net "Sumf", 0 0, L_0x623ec3954470;  alias, 1 drivers
v0x623ec39b3640_0 .net "Z", 0 0, L_0x623ec39b5770;  alias, 1 drivers
v0x623ec39b36e0_0 .net "a", 15 0, v0x623ec39b4a50_0;  alias, 1 drivers
v0x623ec39b37a0_0 .net "clk", 0 0, v0x623ec39b4b10_0;  alias, 1 drivers
v0x623ec39b3840_0 .net "count", 3 0, v0x623ec39afe10_0;  1 drivers
v0x623ec39b3930_0 .net "sub_result", 9 0, L_0x623ec39b53d0;  1 drivers
S_0x623ec39af070 .scope module, "u_comparador" "comparador" 5 73, 6 6 0, S_0x623ec39aea40;
 .timescale -9 -12;
    .port_info 0 /INPUT 4 "count";
    .port_info 1 /OUTPUT 1 "Z";
P_0x623ec39aed50 .param/l "ITERS" 0 6 7, +C4<00000000000000000000000000001000>;
P_0x623ec39aed90 .param/l "WIDTH" 0 6 8, +C4<00000000000000000000000000000100>;
v0x623ec39af440_0 .net "Z", 0 0, L_0x623ec39b5770;  alias, 1 drivers
L_0x7a2eb7f29138 .functor BUFT 1, C4<1000>, C4<0>, C4<0>, C4<0>;
v0x623ec39af530_0 .net/2u *"_ivl_0", 3 0, L_0x7a2eb7f29138;  1 drivers
v0x623ec39af5f0_0 .net *"_ivl_2", 0 0, L_0x623ec39b5680;  1 drivers
L_0x7a2eb7f29180 .functor BUFT 1, C4<1>, C4<0>, C4<0>, C4<0>;
v0x623ec39af6c0_0 .net/2u *"_ivl_4", 0 0, L_0x7a2eb7f29180;  1 drivers
L_0x7a2eb7f291c8 .functor BUFT 1, C4<0>, C4<0>, C4<0>, C4<0>;
v0x623ec39af7a0_0 .net/2u *"_ivl_6", 0 0, L_0x7a2eb7f291c8;  1 drivers
v0x623ec39af8d0_0 .net "count", 3 0, v0x623ec39afe10_0;  alias, 1 drivers
L_0x623ec39b5680 .cmp/eq 4, v0x623ec39afe10_0, L_0x7a2eb7f29138;
L_0x623ec39b5770 .functor MUXZ 1, L_0x7a2eb7f291c8, L_0x7a2eb7f29180, L_0x623ec39b5680, C4<>;
S_0x623ec39afa10 .scope module, "u_contador_i" "contador_i" 5 66, 7 8 0, S_0x623ec39aea40;
 .timescale -9 -12;
    .port_info 0 /INPUT 1 "clk";
    .port_info 1 /INPUT 1 "rst";
    .port_info 2 /INPUT 1 "inc";
    .port_info 3 /OUTPUT 4 "count";
P_0x623ec39afbf0 .param/l "WIDTH" 0 7 9, +C4<00000000000000000000000000000100>;
v0x623ec39afd20_0 .net "clk", 0 0, v0x623ec39b4b10_0;  alias, 1 drivers
v0x623ec39afe10_0 .var "count", 3 0;
v0x623ec39afee0_0 .net "inc", 0 0, v0x623ec39ae2a0_0;  alias, 1 drivers
v0x623ec39affe0_0 .net "rst", 0 0, v0x623ec39adf40_0;  alias, 1 drivers
E_0x623ec39afcc0 .event negedge, v0x623ec39ae4e0_0;
S_0x623ec39b00e0 .scope module, "u_reg_co" "reg_co" 5 52, 8 8 0, S_0x623ec39aea40;
 .timescale -9 -12;
    .port_info 0 /INPUT 1 "clk";
    .port_info 1 /INPUT 1 "LDC";
    .port_info 2 /INPUT 8 "p_in";
    .port_info 3 /OUTPUT 8 "Co";
P_0x623ec39b02c0 .param/l "PW" 0 8 9, +C4<00000000000000000000000000001000>;
v0x623ec39b03c0_0 .var "Co", 7 0;
v0x623ec39b04a0_0 .net "LDC", 0 0, v0x623ec39ae000_0;  alias, 1 drivers
v0x623ec39b0590_0 .net "clk", 0 0, v0x623ec39b4b10_0;  alias, 1 drivers
v0x623ec39b06b0_0 .net "p_in", 7 0, v0x623ec39b0de0_0;  alias, 1 drivers
S_0x623ec39b07b0 .scope module, "u_reg_p" "reg_p" 5 43, 9 10 0, S_0x623ec39aea40;
 .timescale -9 -12;
    .port_info 0 /INPUT 1 "clk";
    .port_info 1 /INPUT 1 "LD";
    .port_info 2 /INPUT 1 "SH";
    .port_info 3 /INPUT 1 "LDR";
    .port_info 4 /INPUT 1 "Ne";
    .port_info 5 /OUTPUT 8 "P";
P_0x623ec39b0990 .param/l "PW" 0 9 11, +C4<00000000000000000000000000001000>;
v0x623ec39b0b10_0 .net "LD", 0 0, v0x623ec39adf40_0;  alias, 1 drivers
v0x623ec39b0c20_0 .net "LDR", 0 0, v0x623ec39ae0d0_0;  alias, 1 drivers
v0x623ec39b0ce0_0 .net "Ne", 0 0, v0x623ec39ae190_0;  alias, 1 drivers
v0x623ec39b0de0_0 .var "P", 7 0;
v0x623ec39b0eb0_0 .net "SH", 0 0, v0x623ec39ae2a0_0;  alias, 1 drivers
v0x623ec39b0ff0_0 .net "clk", 0 0, v0x623ec39b4b10_0;  alias, 1 drivers
S_0x623ec39b1110 .scope module, "u_reg_re_a" "reg_re_a" 5 32, 10 11 0, S_0x623ec39aea40;
 .timescale -9 -12;
    .port_info 0 /INPUT 1 "clk";
    .port_info 1 /INPUT 1 "LD";
    .port_info 2 /INPUT 1 "SH";
    .port_info 3 /INPUT 1 "Ne";
    .port_info 4 /INPUT 16 "a_in";
    .port_info 5 /INPUT 10 "sub_result";
    .port_info 6 /OUTPUT 10 "Re";
    .port_info 7 /OUTPUT 16 "A";
P_0x623ec39af2a0 .param/l "N" 0 10 12, +C4<00000000000000000000000000010000>;
P_0x623ec39af2e0 .param/l "RE_WIDTH" 0 10 13, +C4<00000000000000000000000000001010>;
v0x623ec39b1590_0 .var "A", 15 0;
v0x623ec39b1690_0 .net "LD", 0 0, v0x623ec39adf40_0;  alias, 1 drivers
v0x623ec39b1750_0 .net "Ne", 0 0, v0x623ec39ae190_0;  alias, 1 drivers
v0x623ec39b1840_0 .var "Re", 9 0;
v0x623ec39b18e0_0 .net "SH", 0 0, v0x623ec39ae2a0_0;  alias, 1 drivers
v0x623ec39b19d0_0 .net "a_in", 15 0, v0x623ec39b4a50_0;  alias, 1 drivers
v0x623ec39b1ab0_0 .net "clk", 0 0, v0x623ec39b4b10_0;  alias, 1 drivers
v0x623ec39b1b50_0 .net "sub_result", 9 0, L_0x623ec39b53d0;  alias, 1 drivers
S_0x623ec39b1d30 .scope module, "u_sumador" "sumador" 5 59, 11 8 0, S_0x623ec39aea40;
 .timescale -9 -12;
    .port_info 0 /INPUT 10 "Re";
    .port_info 1 /INPUT 8 "Co";
    .port_info 2 /OUTPUT 10 "sub_result";
    .port_info 3 /OUTPUT 1 "Sumf";
P_0x623ec39b1ec0 .param/l "PW" 0 11 9, +C4<00000000000000000000000000001000>;
P_0x623ec39b1f00 .param/l "RE_WIDTH" 0 11 10, +C4<00000000000000000000000000001010>;
L_0x623ec3954470 .functor NOT 1, L_0x623ec39b54c0, C4<0>, C4<0>, C4<0>;
v0x623ec39b20b0_0 .net "Co", 7 0, v0x623ec39b03c0_0;  alias, 1 drivers
v0x623ec39b21c0_0 .net "Re", 9 0, v0x623ec39b1840_0;  alias, 1 drivers
v0x623ec39b2290_0 .net "Sumf", 0 0, L_0x623ec3954470;  alias, 1 drivers
L_0x7a2eb7f29018 .functor BUFT 1, C4<0>, C4<0>, C4<0>, C4<0>;
v0x623ec39b2390_0 .net/2u *"_ivl_0", 0 0, L_0x7a2eb7f29018;  1 drivers
L_0x7a2eb7f290f0 .functor BUFT 1, C4<0>, C4<0>, C4<0>, C4<0>;
v0x623ec39b2430_0 .net/2u *"_ivl_10", 0 0, L_0x7a2eb7f290f0;  1 drivers
v0x623ec39b2540_0 .net *"_ivl_12", 10 0, L_0x623ec39b5120;  1 drivers
v0x623ec39b2620_0 .net *"_ivl_19", 0 0, L_0x623ec39b54c0;  1 drivers
L_0x7a2eb7f29060 .functor BUFT 1, C4<1>, C4<0>, C4<0>, C4<0>;
v0x623ec39b2700_0 .net/2u *"_ivl_2", 0 0, L_0x7a2eb7f29060;  1 drivers
L_0x7a2eb7f290a8 .functor BUFT 1, C4<0>, C4<0>, C4<0>, C4<0>;
v0x623ec39b27e0_0 .net/2u *"_ivl_6", 0 0, L_0x7a2eb7f290a8;  1 drivers
v0x623ec39b28c0_0 .net *"_ivl_8", 10 0, L_0x623ec39b5030;  1 drivers
v0x623ec39b29a0_0 .net "diff", 10 0, L_0x623ec39b5260;  1 drivers
v0x623ec39b2a80_0 .net "sub_result", 9 0, L_0x623ec39b53d0;  alias, 1 drivers
v0x623ec39b2b40_0 .net "trial", 9 0, L_0x623ec39b4f90;  1 drivers
L_0x623ec39b4f90 .concat [ 1 8 1 0], L_0x7a2eb7f29060, v0x623ec39b03c0_0, L_0x7a2eb7f29018;
L_0x623ec39b5030 .concat [ 10 1 0 0], v0x623ec39b1840_0, L_0x7a2eb7f290a8;
L_0x623ec39b5120 .concat [ 10 1 0 0], L_0x623ec39b4f90, L_0x7a2eb7f290f0;
L_0x623ec39b5260 .arith/sub 11, L_0x623ec39b5030, L_0x623ec39b5120;
L_0x623ec39b53d0 .part L_0x623ec39b5260, 0, 10;
L_0x623ec39b54c0 .part L_0x623ec39b5260, 10, 1;
    .scope S_0x623ec39ad750;
T_2 ;
    %wait E_0x623ec3991c00;
    %load/vec4 v0x623ec39ae680_0;
    %flag_set/vec4 8;
    %jmp/0xz  T_2.0, 8;
    %pushi/vec4 0, 0, 3;
    %assign/vec4 v0x623ec39ae800_0, 0;
    %jmp T_2.1;
T_2.0 ;
    %load/vec4 v0x623ec39ae5a0_0;
    %assign/vec4 v0x623ec39ae800_0, 0;
T_2.1 ;
    %jmp T_2;
    .thread T_2;
    .scope S_0x623ec39ad750;
T_3 ;
    %wait E_0x623ec3991aa0;
    %load/vec4 v0x623ec39ae800_0;
    %dup/vec4;
    %pushi/vec4 0, 0, 3;
    %cmp/u;
    %jmp/1 T_3.0, 6;
    %dup/vec4;
    %pushi/vec4 1, 0, 3;
    %cmp/u;
    %jmp/1 T_3.1, 6;
    %dup/vec4;
    %pushi/vec4 2, 0, 3;
    %cmp/u;
    %jmp/1 T_3.2, 6;
    %dup/vec4;
    %pushi/vec4 3, 0, 3;
    %cmp/u;
    %jmp/1 T_3.3, 6;
    %dup/vec4;
    %pushi/vec4 4, 0, 3;
    %cmp/u;
    %jmp/1 T_3.4, 6;
    %dup/vec4;
    %pushi/vec4 5, 0, 3;
    %cmp/u;
    %jmp/1 T_3.5, 6;
    %pushi/vec4 0, 0, 3;
    %store/vec4 v0x623ec39ae5a0_0, 0, 3;
    %jmp T_3.7;
T_3.0 ;
    %load/vec4 v0x623ec39ae740_0;
    %flag_set/vec4 8;
    %jmp/0 T_3.8, 8;
    %pushi/vec4 1, 0, 3;
    %jmp/1 T_3.9, 8;
T_3.8 ; End of true expr.
    %pushi/vec4 0, 0, 3;
    %jmp/0 T_3.9, 8;
 ; End of false expr.
    %blend;
T_3.9;
    %store/vec4 v0x623ec39ae5a0_0, 0, 3;
    %jmp T_3.7;
T_3.1 ;
    %pushi/vec4 2, 0, 3;
    %store/vec4 v0x623ec39ae5a0_0, 0, 3;
    %jmp T_3.7;
T_3.2 ;
    %load/vec4 v0x623ec39ae360_0;
    %flag_set/vec4 8;
    %jmp/0 T_3.10, 8;
    %pushi/vec4 3, 0, 3;
    %jmp/1 T_3.11, 8;
T_3.10 ; End of true expr.
    %pushi/vec4 4, 0, 3;
    %jmp/0 T_3.11, 8;
 ; End of false expr.
    %blend;
T_3.11;
    %store/vec4 v0x623ec39ae5a0_0, 0, 3;
    %jmp T_3.7;
T_3.3 ;
    %load/vec4 v0x623ec39ae420_0;
    %flag_set/vec4 8;
    %jmp/0 T_3.12, 8;
    %pushi/vec4 5, 0, 3;
    %jmp/1 T_3.13, 8;
T_3.12 ; End of true expr.
    %pushi/vec4 1, 0, 3;
    %jmp/0 T_3.13, 8;
 ; End of false expr.
    %blend;
T_3.13;
    %store/vec4 v0x623ec39ae5a0_0, 0, 3;
    %jmp T_3.7;
T_3.4 ;
    %load/vec4 v0x623ec39ae420_0;
    %flag_set/vec4 8;
    %jmp/0 T_3.14, 8;
    %pushi/vec4 5, 0, 3;
    %jmp/1 T_3.15, 8;
T_3.14 ; End of true expr.
    %pushi/vec4 1, 0, 3;
    %jmp/0 T_3.15, 8;
 ; End of false expr.
    %blend;
T_3.15;
    %store/vec4 v0x623ec39ae5a0_0, 0, 3;
    %jmp T_3.7;
T_3.5 ;
    %load/vec4 v0x623ec39ae740_0;
    %flag_set/vec4 8;
    %jmp/0 T_3.16, 8;
    %pushi/vec4 0, 0, 3;
    %jmp/1 T_3.17, 8;
T_3.16 ; End of true expr.
    %pushi/vec4 5, 0, 3;
    %jmp/0 T_3.17, 8;
 ; End of false expr.
    %blend;
T_3.17;
    %store/vec4 v0x623ec39ae5a0_0, 0, 3;
    %jmp T_3.7;
T_3.7 ;
    %pop/vec4 1;
    %jmp T_3;
    .thread T_3, $push;
    .scope S_0x623ec39ad750;
T_4 ;
    %wait E_0x623ec3943390;
    %pushi/vec4 0, 0, 1;
    %store/vec4 v0x623ec39adf40_0, 0, 1;
    %pushi/vec4 0, 0, 1;
    %store/vec4 v0x623ec39ae2a0_0, 0, 1;
    %pushi/vec4 0, 0, 1;
    %store/vec4 v0x623ec39ae000_0, 0, 1;
    %pushi/vec4 0, 0, 1;
    %store/vec4 v0x623ec39ae0d0_0, 0, 1;
    %pushi/vec4 0, 0, 1;
    %store/vec4 v0x623ec39ae190_0, 0, 1;
    %pushi/vec4 0, 0, 1;
    %store/vec4 v0x623ec3955350_0, 0, 1;
    %load/vec4 v0x623ec39ae800_0;
    %dup/vec4;
    %pushi/vec4 0, 0, 3;
    %cmp/u;
    %jmp/1 T_4.0, 6;
    %dup/vec4;
    %pushi/vec4 1, 0, 3;
    %cmp/u;
    %jmp/1 T_4.1, 6;
    %dup/vec4;
    %pushi/vec4 2, 0, 3;
    %cmp/u;
    %jmp/1 T_4.2, 6;
    %dup/vec4;
    %pushi/vec4 3, 0, 3;
    %cmp/u;
    %jmp/1 T_4.3, 6;
    %dup/vec4;
    %pushi/vec4 4, 0, 3;
    %cmp/u;
    %jmp/1 T_4.4, 6;
    %dup/vec4;
    %pushi/vec4 5, 0, 3;
    %cmp/u;
    %jmp/1 T_4.5, 6;
    %jmp T_4.7;
T_4.0 ;
    %pushi/vec4 1, 0, 1;
    %store/vec4 v0x623ec39adf40_0, 0, 1;
    %jmp T_4.7;
T_4.1 ;
    %pushi/vec4 1, 0, 1;
    %store/vec4 v0x623ec39ae2a0_0, 0, 1;
    %jmp T_4.7;
T_4.2 ;
    %pushi/vec4 1, 0, 1;
    %store/vec4 v0x623ec39ae000_0, 0, 1;
    %jmp T_4.7;
T_4.3 ;
    %pushi/vec4 1, 0, 1;
    %store/vec4 v0x623ec39ae0d0_0, 0, 1;
    %pushi/vec4 1, 0, 1;
    %store/vec4 v0x623ec39ae190_0, 0, 1;
    %jmp T_4.7;
T_4.4 ;
    %pushi/vec4 1, 0, 1;
    %store/vec4 v0x623ec39ae0d0_0, 0, 1;
    %pushi/vec4 0, 0, 1;
    %store/vec4 v0x623ec39ae190_0, 0, 1;
    %jmp T_4.7;
T_4.5 ;
    %pushi/vec4 1, 0, 1;
    %store/vec4 v0x623ec3955350_0, 0, 1;
    %jmp T_4.7;
T_4.7 ;
    %pop/vec4 1;
    %jmp T_4;
    .thread T_4, $push;
    .scope S_0x623ec39b1110;
T_5 ;
    %wait E_0x623ec39afcc0;
    %load/vec4 v0x623ec39b1690_0;
    %flag_set/vec4 8;
    %jmp/0xz  T_5.0, 8;
    %load/vec4 v0x623ec39b19d0_0;
    %assign/vec4 v0x623ec39b1590_0, 0;
    %pushi/vec4 0, 0, 10;
    %assign/vec4 v0x623ec39b1840_0, 0;
    %jmp T_5.1;
T_5.0 ;
    %load/vec4 v0x623ec39b18e0_0;
    %flag_set/vec4 8;
    %jmp/0xz  T_5.2, 8;
    %load/vec4 v0x623ec39b1840_0;
    %load/vec4 v0x623ec39b1590_0;
    %concat/vec4; draw_concat_vec4
    %ix/load 4, 2, 0;
    %flag_set/imm 4, 0;
    %shiftl 4;
    %split/vec4 16;
    %assign/vec4 v0x623ec39b1590_0, 0;
    %assign/vec4 v0x623ec39b1840_0, 0;
    %jmp T_5.3;
T_5.2 ;
    %load/vec4 v0x623ec39b1750_0;
    %flag_set/vec4 8;
    %jmp/0xz  T_5.4, 8;
    %load/vec4 v0x623ec39b1b50_0;
    %assign/vec4 v0x623ec39b1840_0, 0;
T_5.4 ;
T_5.3 ;
T_5.1 ;
    %jmp T_5;
    .thread T_5;
    .scope S_0x623ec39b07b0;
T_6 ;
    %wait E_0x623ec39afcc0;
    %load/vec4 v0x623ec39b0b10_0;
    %flag_set/vec4 8;
    %jmp/0xz  T_6.0, 8;
    %pushi/vec4 0, 0, 8;
    %assign/vec4 v0x623ec39b0de0_0, 0;
    %jmp T_6.1;
T_6.0 ;
    %load/vec4 v0x623ec39b0eb0_0;
    %flag_set/vec4 8;
    %jmp/0xz  T_6.2, 8;
    %load/vec4 v0x623ec39b0de0_0;
    %ix/load 4, 1, 0;
    %flag_set/imm 4, 0;
    %shiftl 4;
    %assign/vec4 v0x623ec39b0de0_0, 0;
    %jmp T_6.3;
T_6.2 ;
    %load/vec4 v0x623ec39b0c20_0;
    %flag_set/vec4 8;
    %jmp/0xz  T_6.4, 8;
    %load/vec4 v0x623ec39b0ce0_0;
    %ix/load 4, 0, 0;
    %ix/load 5, 0, 0;
    %flag_set/imm 4, 0;
    %assign/vec4/off/d v0x623ec39b0de0_0, 4, 5;
T_6.4 ;
T_6.3 ;
T_6.1 ;
    %jmp T_6;
    .thread T_6;
    .scope S_0x623ec39b00e0;
T_7 ;
    %wait E_0x623ec39afcc0;
    %load/vec4 v0x623ec39b04a0_0;
    %flag_set/vec4 8;
    %jmp/0xz  T_7.0, 8;
    %load/vec4 v0x623ec39b06b0_0;
    %assign/vec4 v0x623ec39b03c0_0, 0;
T_7.0 ;
    %jmp T_7;
    .thread T_7;
    .scope S_0x623ec39afa10;
T_8 ;
    %wait E_0x623ec39afcc0;
    %load/vec4 v0x623ec39affe0_0;
    %flag_set/vec4 8;
    %jmp/0xz  T_8.0, 8;
    %pushi/vec4 0, 0, 4;
    %assign/vec4 v0x623ec39afe10_0, 0;
    %jmp T_8.1;
T_8.0 ;
    %load/vec4 v0x623ec39afee0_0;
    %flag_set/vec4 8;
    %jmp/0xz  T_8.2, 8;
    %load/vec4 v0x623ec39afe10_0;
    %addi 1, 0, 4;
    %assign/vec4 v0x623ec39afe10_0, 0;
T_8.2 ;
T_8.1 ;
    %jmp T_8;
    .thread T_8;
    .scope S_0x623ec396e8f0;
T_9 ;
    %pushi/vec4 0, 0, 32;
    %store/vec4 v0x623ec39b4bb0_0, 0, 32;
    %pushi/vec4 0, 0, 32;
    %store/vec4 v0x623ec39b4e20_0, 0, 32;
    %end;
    .thread T_9;
    .scope S_0x623ec396e8f0;
T_10 ;
    %pushi/vec4 0, 0, 1;
    %store/vec4 v0x623ec39b4b10_0, 0, 1;
    %end;
    .thread T_10;
    .scope S_0x623ec396e8f0;
T_11 ;
    %delay 5000, 0;
    %load/vec4 v0x623ec39b4b10_0;
    %inv;
    %store/vec4 v0x623ec39b4b10_0, 0, 1;
    %jmp T_11;
    .thread T_11;
    .scope S_0x623ec396e8f0;
T_12 ;
    %vpi_call 2 86 "$dumpfile", "raiz_top_TB.vcd" {0 0 0};
    %vpi_call 2 87 "$dumpvars", 32'sb00000000000000000000000000000000, S_0x623ec396e8f0 {0 0 0};
    %pushi/vec4 1, 0, 1;
    %store/vec4 v0x623ec39b4c90_0, 0, 1;
    %pushi/vec4 0, 0, 1;
    %store/vec4 v0x623ec39b4d30_0, 0, 1;
    %pushi/vec4 0, 0, 16;
    %store/vec4 v0x623ec39b4a50_0, 0, 16;
    %pushi/vec4 2, 0, 32;
T_12.0 %dup/vec4;
    %pushi/vec4 0, 0, 32;
    %cmp/s;
    %jmp/1xz T_12.1, 5;
    %jmp/1 T_12.1, 4;
    %pushi/vec4 1, 0, 32;
    %sub;
    %wait E_0x623ec3970ff0;
    %jmp T_12.0;
T_12.1 ;
    %pop/vec4 1;
    %pushi/vec4 0, 0, 1;
    %store/vec4 v0x623ec39b4c90_0, 0, 1;
    %wait E_0x623ec3970ff0;
    %pushi/vec4 0, 0, 16;
    %store/vec4 v0x623ec3954b10_0, 0, 16;
    %fork TD_tb_raiz.run_test, S_0x623ec39acf60;
    %join;
    %pushi/vec4 1, 0, 16;
    %store/vec4 v0x623ec3954b10_0, 0, 16;
    %fork TD_tb_raiz.run_test, S_0x623ec39acf60;
    %join;
    %pushi/vec4 144, 0, 16;
    %store/vec4 v0x623ec3954b10_0, 0, 16;
    %fork TD_tb_raiz.run_test, S_0x623ec39acf60;
    %join;
    %pushi/vec4 150, 0, 16;
    %store/vec4 v0x623ec3954b10_0, 0, 16;
    %fork TD_tb_raiz.run_test, S_0x623ec39acf60;
    %join;
    %pushi/vec4 65535, 0, 16;
    %store/vec4 v0x623ec3954b10_0, 0, 16;
    %fork TD_tb_raiz.run_test, S_0x623ec39acf60;
    %join;
    %pushi/vec4 255, 0, 16;
    %store/vec4 v0x623ec3954b10_0, 0, 16;
    %fork TD_tb_raiz.run_test, S_0x623ec39acf60;
    %join;
    %pushi/vec4 65025, 0, 16;
    %store/vec4 v0x623ec3954b10_0, 0, 16;
    %fork TD_tb_raiz.run_test, S_0x623ec39acf60;
    %join;
    %pushi/vec4 2, 0, 16;
    %store/vec4 v0x623ec3954b10_0, 0, 16;
    %fork TD_tb_raiz.run_test, S_0x623ec39acf60;
    %join;
    %pushi/vec4 10000, 0, 16;
    %store/vec4 v0x623ec3954b10_0, 0, 16;
    %fork TD_tb_raiz.run_test, S_0x623ec39acf60;
    %join;
    %vpi_call 2 106 "$display", "--------------------------------------------------" {0 0 0};
    %load/vec4 v0x623ec39b4bb0_0;
    %cmpi/e 0, 0, 32;
    %jmp/0xz  T_12.2, 4;
    %vpi_call 2 108 "$display", "TODAS LAS PRUEBAS PASARON (%0d/%0d)", v0x623ec39b4e20_0, v0x623ec39b4e20_0 {0 0 0};
    %jmp T_12.3;
T_12.2 ;
    %vpi_call 2 110 "$display", "%0d DE %0d PRUEBAS FALLARON", v0x623ec39b4bb0_0, v0x623ec39b4e20_0 {0 0 0};
T_12.3 ;
    %vpi_call 2 112 "$finish" {0 0 0};
    %end;
    .thread T_12;
# The file index is used to find the file name in the following table.
:file_names 12;
    "N/A";
    "<interactive>";
    "raiz_top_TB.v";
    "raiz_top.v";
    "control.v";
    "datapath.v";
    "comparador.v";
    "contador_i.v";
    "reg_co.v";
    "reg_p.v";
    "reg_re_a.v";
    "sumador.v";
