#! /usr/bin/vvp
:ivl_version "12.0 (stable)";
:ivl_delay_selection "TYPICAL";
:vpi_time_precision + 0;
:vpi_module "/usr/lib/x86_64-linux-gnu/ivl/system.vpi";
:vpi_module "/usr/lib/x86_64-linux-gnu/ivl/vhdl_sys.vpi";
:vpi_module "/usr/lib/x86_64-linux-gnu/ivl/vhdl_textio.vpi";
:vpi_module "/usr/lib/x86_64-linux-gnu/ivl/v2005_math.vpi";
:vpi_module "/usr/lib/x86_64-linux-gnu/ivl/va_math.vpi";
S_0x64db9d8df690 .scope module, "tb_divisor" "tb_divisor" 2 1;
 .timescale 0 0;
P_0x64db9d8f9300 .param/l "CNT_WIDTH" 0 2 4, +C4<00000000000000000000000000000101>;
P_0x64db9d8f9340 .param/l "N" 0 2 3, +C4<00000000000000000000000000010000>;
v0x64db9d91fd20_0 .net "DONE", 0 0, v0x64db9d8c7960_0;  1 drivers
v0x64db9d91fde0_0 .net "Q", 15 0, v0x64db9d91cd90_0;  1 drivers
v0x64db9d91fea0_0 .net "Rem", 15 0, v0x64db9d91d210_0;  1 drivers
v0x64db9d91ffd0_0 .var "a", 15 0;
v0x64db9d920090_0 .var "b", 15 0;
v0x64db9d920150_0 .var "clk", 0 0;
v0x64db9d9201f0_0 .var/i "errors", 31 0;
v0x64db9d9202d0_0 .var "rst", 0 0;
v0x64db9d9203c0_0 .var "start", 0 0;
v0x64db9d9204f0_0 .var/i "tests", 31 0;
S_0x64db9d8df950 .scope task, "run_test" "run_test" 2 30, 2 30 0, S_0x64db9d8df690;
 .timescale 0 0;
v0x64db9d8fbdd0_0 .var "expected_q", 15 0;
v0x64db9d8f8490_0 .var "expected_r", 15 0;
v0x64db9d8f5530_0 .var "ta", 15 0;
v0x64db9d8c6be0_0 .var "tb", 15 0;
E_0x64db9d8e1d90 .event posedge, v0x64db9d91a840_0;
E_0x64db9d8e2540 .event anyedge, v0x64db9d8c7960_0;
TD_tb_divisor.run_test ;
    %load/vec4 v0x64db9d9204f0_0;
    %addi 1, 0, 32;
    %store/vec4 v0x64db9d9204f0_0, 0, 32;
    %load/vec4 v0x64db9d8f5530_0;
    %load/vec4 v0x64db9d8c6be0_0;
    %div;
    %store/vec4 v0x64db9d8fbdd0_0, 0, 16;
    %load/vec4 v0x64db9d8f5530_0;
    %load/vec4 v0x64db9d8c6be0_0;
    %mod;
    %store/vec4 v0x64db9d8f8490_0, 0, 16;
    %load/vec4 v0x64db9d8f5530_0;
    %store/vec4 v0x64db9d91ffd0_0, 0, 16;
    %load/vec4 v0x64db9d8c6be0_0;
    %store/vec4 v0x64db9d920090_0, 0, 16;
    %pushi/vec4 0, 0, 1;
    %store/vec4 v0x64db9d9203c0_0, 0, 1;
    %wait E_0x64db9d8e1d90;
    %pushi/vec4 1, 0, 1;
    %store/vec4 v0x64db9d9203c0_0, 0, 1;
    %wait E_0x64db9d8e1d90;
    %wait E_0x64db9d8e1d90;
    %pushi/vec4 0, 0, 1;
    %store/vec4 v0x64db9d9203c0_0, 0, 1;
T_0.0 ;
    %load/vec4 v0x64db9d91fd20_0;
    %pushi/vec4 1, 0, 1;
    %cmp/e;
    %flag_get/vec4 4;
    %cmpi/ne 1, 0, 1;
    %jmp/0xz T_0.1, 6;
    %wait E_0x64db9d8e2540;
    %jmp T_0.0;
T_0.1 ;
    %wait E_0x64db9d8e1d90;
    %load/vec4 v0x64db9d91fde0_0;
    %load/vec4 v0x64db9d8fbdd0_0;
    %cmp/ne;
    %jmp/1 T_0.4, 6;
    %flag_mov 8, 6;
    %load/vec4 v0x64db9d91fea0_0;
    %load/vec4 v0x64db9d8f8490_0;
    %cmp/ne;
    %flag_or 6, 8;
T_0.4;
    %jmp/0xz  T_0.2, 6;
    %vpi_call 2 51 "$display", "FALLO: a=%0d b=%0d -> Q=%0d Rem=%0d (esperado Q=%0d Rem=%0d)", v0x64db9d8f5530_0, v0x64db9d8c6be0_0, v0x64db9d91fde0_0, v0x64db9d91fea0_0, v0x64db9d8fbdd0_0, v0x64db9d8f8490_0 {0 0 0};
    %load/vec4 v0x64db9d9201f0_0;
    %addi 1, 0, 32;
    %store/vec4 v0x64db9d9201f0_0, 0, 32;
    %jmp T_0.3;
T_0.2 ;
    %vpi_call 2 55 "$display", "OK   : a=%0d b=%0d -> Q=%0d Rem=%0d", v0x64db9d8f5530_0, v0x64db9d8c6be0_0, v0x64db9d91fde0_0, v0x64db9d91fea0_0 {0 0 0};
T_0.3 ;
    %wait E_0x64db9d8e1d90;
    %end;
S_0x64db9d9199b0 .scope module, "uut" "divisor_top" 2 16, 3 1 0, S_0x64db9d8df690;
 .timescale 0 0;
    .port_info 0 /INPUT 1 "clk";
    .port_info 1 /INPUT 1 "rst";
    .port_info 2 /INPUT 1 "start";
    .port_info 3 /INPUT 16 "a";
    .port_info 4 /INPUT 16 "b";
    .port_info 5 /OUTPUT 16 "Q";
    .port_info 6 /OUTPUT 16 "Rem";
    .port_info 7 /OUTPUT 1 "DONE";
P_0x64db9d8df870 .param/l "CNT_WIDTH" 0 3 3, +C4<00000000000000000000000000000101>;
P_0x64db9d8df8b0 .param/l "N" 0 3 2, +C4<00000000000000000000000000010000>;
v0x64db9d91f0d0_0 .net "AO", 0 0, v0x64db9d8c6f10_0;  1 drivers
v0x64db9d91f190_0 .net "CO", 0 0, v0x64db9d8c7120_0;  1 drivers
v0x64db9d91f250_0 .net "DONE", 0 0, v0x64db9d8c7960_0;  alias, 1 drivers
v0x64db9d91f2f0_0 .net "INC", 0 0, v0x64db9d91a430_0;  1 drivers
v0x64db9d91f390_0 .net "LDA", 0 0, v0x64db9d91a4f0_0;  1 drivers
v0x64db9d91f480_0 .net "LDR", 0 0, v0x64db9d91a600_0;  1 drivers
v0x64db9d91f520_0 .net "MSB", 0 0, L_0x64db9d920990;  1 drivers
v0x64db9d91f5c0_0 .net "Q", 15 0, v0x64db9d91cd90_0;  alias, 1 drivers
v0x64db9d91f6b0_0 .net "Rem", 15 0, v0x64db9d91d210_0;  alias, 1 drivers
v0x64db9d91f7e0_0 .net "Z", 0 0, L_0x64db9d920bb0;  1 drivers
v0x64db9d91f880_0 .net "a", 15 0, v0x64db9d91ffd0_0;  1 drivers
v0x64db9d91f920_0 .net "b", 15 0, v0x64db9d920090_0;  1 drivers
v0x64db9d91fa30_0 .net "clk", 0 0, v0x64db9d920150_0;  1 drivers
v0x64db9d91fad0_0 .net "rst", 0 0, v0x64db9d9202d0_0;  1 drivers
v0x64db9d91fb70_0 .net "start", 0 0, v0x64db9d9203c0_0;  1 drivers
S_0x64db9d919db0 .scope module, "u_control" "control" 3 18, 4 1 0, S_0x64db9d9199b0;
 .timescale 0 0;
    .port_info 0 /INPUT 1 "clk";
    .port_info 1 /INPUT 1 "rst";
    .port_info 2 /INPUT 1 "start";
    .port_info 3 /INPUT 1 "MSB";
    .port_info 4 /INPUT 1 "Z";
    .port_info 5 /OUTPUT 1 "LDA";
    .port_info 6 /OUTPUT 1 "CO";
    .port_info 7 /OUTPUT 1 "AO";
    .port_info 8 /OUTPUT 1 "INC";
    .port_info 9 /OUTPUT 1 "LDR";
    .port_info 10 /OUTPUT 1 "DONE";
P_0x64db9d919f90 .param/l "ADDST" 1 4 19, C4<011>;
P_0x64db9d919fd0 .param/l "CHECK" 1 4 18, C4<010>;
P_0x64db9d91a010 .param/l "ENDST" 1 4 20, C4<100>;
P_0x64db9d91a050 .param/l "SHIFT" 1 4 17, C4<001>;
P_0x64db9d91a090 .param/l "START" 1 4 16, C4<000>;
v0x64db9d8c6f10_0 .var "AO", 0 0;
v0x64db9d8c7120_0 .var "CO", 0 0;
v0x64db9d8c7960_0 .var "DONE", 0 0;
v0x64db9d91a430_0 .var "INC", 0 0;
v0x64db9d91a4f0_0 .var "LDA", 0 0;
v0x64db9d91a600_0 .var "LDR", 0 0;
v0x64db9d91a6c0_0 .net "MSB", 0 0, L_0x64db9d920990;  alias, 1 drivers
v0x64db9d91a780_0 .net "Z", 0 0, L_0x64db9d920bb0;  alias, 1 drivers
v0x64db9d91a840_0 .net "clk", 0 0, v0x64db9d920150_0;  alias, 1 drivers
v0x64db9d91a900_0 .var "next_state", 2 0;
v0x64db9d91a9e0_0 .net "rst", 0 0, v0x64db9d9202d0_0;  alias, 1 drivers
v0x64db9d91aaa0_0 .net "start", 0 0, v0x64db9d9203c0_0;  alias, 1 drivers
v0x64db9d91ab60_0 .var "state", 2 0;
E_0x64db9d8e2250 .event anyedge, v0x64db9d91ab60_0;
E_0x64db9d8b8310 .event anyedge, v0x64db9d91ab60_0, v0x64db9d91aaa0_0, v0x64db9d91a6c0_0, v0x64db9d91a780_0;
E_0x64db9d8fd470 .event posedge, v0x64db9d91a9e0_0, v0x64db9d91a840_0;
S_0x64db9d91ae00 .scope module, "u_datapath" "datapath" 3 32, 5 1 0, S_0x64db9d9199b0;
 .timescale 0 0;
    .port_info 0 /INPUT 1 "clk";
    .port_info 1 /INPUT 16 "a";
    .port_info 2 /INPUT 16 "b";
    .port_info 3 /INPUT 1 "LDA";
    .port_info 4 /INPUT 1 "CO";
    .port_info 5 /INPUT 1 "AO";
    .port_info 6 /INPUT 1 "INC";
    .port_info 7 /INPUT 1 "LDR";
    .port_info 8 /OUTPUT 1 "MSB";
    .port_info 9 /OUTPUT 1 "Z";
    .port_info 10 /OUTPUT 16 "Q";
    .port_info 11 /OUTPUT 16 "Rem";
P_0x64db9d91afb0 .param/l "CNT_WIDTH" 0 5 3, +C4<00000000000000000000000000000101>;
P_0x64db9d91aff0 .param/l "N" 0 5 2, +C4<00000000000000000000000000010000>;
v0x64db9d91e190_0 .net "AO", 0 0, v0x64db9d8c6f10_0;  alias, 1 drivers
v0x64db9d91e250_0 .net "B_reg", 15 0, v0x64db9d91c5e0_0;  1 drivers
v0x64db9d91e360_0 .net "CO", 0 0, v0x64db9d8c7120_0;  alias, 1 drivers
v0x64db9d91e450_0 .net "INC", 0 0, v0x64db9d91a430_0;  alias, 1 drivers
v0x64db9d91e540_0 .net "LDA", 0 0, v0x64db9d91a4f0_0;  alias, 1 drivers
v0x64db9d91e6c0_0 .net "LDR", 0 0, v0x64db9d91a600_0;  alias, 1 drivers
v0x64db9d91e760_0 .net "MSB", 0 0, L_0x64db9d920990;  alias, 1 drivers
v0x64db9d91e850_0 .net "Q", 15 0, v0x64db9d91cd90_0;  alias, 1 drivers
v0x64db9d91e8f0_0 .net "Rem", 15 0, v0x64db9d91d210_0;  alias, 1 drivers
v0x64db9d91ea20_0 .net "Z", 0 0, L_0x64db9d920bb0;  alias, 1 drivers
v0x64db9d91eb10_0 .net "a", 15 0, v0x64db9d91ffd0_0;  alias, 1 drivers
v0x64db9d91ebd0_0 .net "b", 15 0, v0x64db9d920090_0;  alias, 1 drivers
v0x64db9d91ec70_0 .net "clk", 0 0, v0x64db9d920150_0;  alias, 1 drivers
v0x64db9d91eda0_0 .net "count", 4 0, v0x64db9d91c030_0;  1 drivers
v0x64db9d91ee40_0 .net "sub_result", 15 0, L_0x64db9d9208a0;  1 drivers
S_0x64db9d91b2d0 .scope module, "u_comparador" "comparador" 5 56, 6 1 0, S_0x64db9d91ae00;
 .timescale 0 0;
    .port_info 0 /INPUT 5 "count";
    .port_info 1 /OUTPUT 1 "Z";
P_0x64db9d91b090 .param/l "N" 0 6 2, +C4<00000000000000000000000000010000>;
P_0x64db9d91b0d0 .param/l "WIDTH" 0 6 3, +C4<00000000000000000000000000000101>;
v0x64db9d91b660_0 .net "Z", 0 0, L_0x64db9d920bb0;  alias, 1 drivers
L_0x76672ac6e0a8 .functor BUFT 1, C4<10000>, C4<0>, C4<0>, C4<0>;
v0x64db9d91b750_0 .net/2u *"_ivl_0", 4 0, L_0x76672ac6e0a8;  1 drivers
v0x64db9d91b810_0 .net *"_ivl_2", 0 0, L_0x64db9d920ac0;  1 drivers
L_0x76672ac6e0f0 .functor BUFT 1, C4<1>, C4<0>, C4<0>, C4<0>;
v0x64db9d91b8e0_0 .net/2u *"_ivl_4", 0 0, L_0x76672ac6e0f0;  1 drivers
L_0x76672ac6e138 .functor BUFT 1, C4<0>, C4<0>, C4<0>, C4<0>;
v0x64db9d91b9c0_0 .net/2u *"_ivl_6", 0 0, L_0x76672ac6e138;  1 drivers
v0x64db9d91baf0_0 .net "count", 4 0, v0x64db9d91c030_0;  alias, 1 drivers
L_0x64db9d920ac0 .cmp/eq 5, v0x64db9d91c030_0, L_0x76672ac6e0a8;
L_0x64db9d920bb0 .functor MUXZ 1, L_0x76672ac6e138, L_0x76672ac6e0f0, L_0x64db9d920ac0, C4<>;
S_0x64db9d91bc30 .scope module, "u_contador_i" "contador_i" 5 49, 7 1 0, S_0x64db9d91ae00;
 .timescale 0 0;
    .port_info 0 /INPUT 1 "clk";
    .port_info 1 /INPUT 1 "rst";
    .port_info 2 /INPUT 1 "inc";
    .port_info 3 /OUTPUT 5 "count";
P_0x64db9d91be10 .param/l "WIDTH" 0 7 2, +C4<00000000000000000000000000000101>;
v0x64db9d91bf40_0 .net "clk", 0 0, v0x64db9d920150_0;  alias, 1 drivers
v0x64db9d91c030_0 .var "count", 4 0;
v0x64db9d91c100_0 .net "inc", 0 0, v0x64db9d91a430_0;  alias, 1 drivers
v0x64db9d91c200_0 .net "rst", 0 0, v0x64db9d91a4f0_0;  alias, 1 drivers
E_0x64db9d91bee0 .event negedge, v0x64db9d91a840_0;
S_0x64db9d91c300 .scope module, "u_reg_divisor" "reg_divisor" 5 23, 8 1 0, S_0x64db9d91ae00;
 .timescale 0 0;
    .port_info 0 /INPUT 1 "clk";
    .port_info 1 /INPUT 1 "LDA";
    .port_info 2 /INPUT 16 "b_in";
    .port_info 3 /OUTPUT 16 "B";
P_0x64db9d91c4e0 .param/l "N" 0 8 2, +C4<00000000000000000000000000010000>;
v0x64db9d91c5e0_0 .var "B", 15 0;
v0x64db9d91c6c0_0 .net "LDA", 0 0, v0x64db9d91a4f0_0;  alias, 1 drivers
v0x64db9d91c7d0_0 .net "b_in", 15 0, v0x64db9d920090_0;  alias, 1 drivers
v0x64db9d91c870_0 .net "clk", 0 0, v0x64db9d920150_0;  alias, 1 drivers
S_0x64db9d91c9e0 .scope module, "u_reg_ra" "reg_ra" 5 37, 9 1 0, S_0x64db9d91ae00;
 .timescale 0 0;
    .port_info 0 /INPUT 1 "clk";
    .port_info 1 /INPUT 1 "LDA";
    .port_info 2 /INPUT 1 "CO";
    .port_info 3 /INPUT 1 "AO";
    .port_info 4 /INPUT 1 "LDR";
    .port_info 5 /INPUT 16 "a_in";
    .port_info 6 /INPUT 16 "sub_result";
    .port_info 7 /OUTPUT 16 "R";
    .port_info 8 /OUTPUT 16 "A";
P_0x64db9d91cbc0 .param/l "N" 0 9 2, +C4<00000000000000000000000000010000>;
v0x64db9d91cd90_0 .var "A", 15 0;
v0x64db9d91ce90_0 .net "AO", 0 0, v0x64db9d8c6f10_0;  alias, 1 drivers
v0x64db9d91cf80_0 .net "CO", 0 0, v0x64db9d8c7120_0;  alias, 1 drivers
v0x64db9d91d080_0 .net "LDA", 0 0, v0x64db9d91a4f0_0;  alias, 1 drivers
v0x64db9d91d120_0 .net "LDR", 0 0, v0x64db9d91a600_0;  alias, 1 drivers
v0x64db9d91d210_0 .var "R", 15 0;
v0x64db9d91d2b0_0 .net "a_in", 15 0, v0x64db9d91ffd0_0;  alias, 1 drivers
v0x64db9d91d350_0 .net "clk", 0 0, v0x64db9d920150_0;  alias, 1 drivers
v0x64db9d91d3f0_0 .net "sub_result", 15 0, L_0x64db9d9208a0;  alias, 1 drivers
S_0x64db9d91d5d0 .scope module, "u_restador" "restador" 5 30, 10 1 0, S_0x64db9d91ae00;
 .timescale 0 0;
    .port_info 0 /INPUT 16 "R";
    .port_info 1 /INPUT 16 "B";
    .port_info 2 /OUTPUT 16 "result";
    .port_info 3 /OUTPUT 1 "MSB";
P_0x64db9d91d7b0 .param/l "N" 0 10 2, +C4<00000000000000000000000000010000>;
v0x64db9d91d910_0 .net "B", 15 0, v0x64db9d91c5e0_0;  alias, 1 drivers
v0x64db9d91da20_0 .net "MSB", 0 0, L_0x64db9d920990;  alias, 1 drivers
v0x64db9d91daf0_0 .net "R", 15 0, v0x64db9d91d210_0;  alias, 1 drivers
L_0x76672ac6e018 .functor BUFT 1, C4<0>, C4<0>, C4<0>, C4<0>;
v0x64db9d91dbf0_0 .net/2u *"_ivl_0", 0 0, L_0x76672ac6e018;  1 drivers
v0x64db9d91dc90_0 .net *"_ivl_2", 16 0, L_0x64db9d9205d0;  1 drivers
L_0x76672ac6e060 .functor BUFT 1, C4<0>, C4<0>, C4<0>, C4<0>;
v0x64db9d91dda0_0 .net/2u *"_ivl_4", 0 0, L_0x76672ac6e060;  1 drivers
v0x64db9d91de80_0 .net *"_ivl_6", 16 0, L_0x64db9d920670;  1 drivers
v0x64db9d91df60_0 .net "diff", 16 0, L_0x64db9d920760;  1 drivers
v0x64db9d91e040_0 .net "result", 15 0, L_0x64db9d9208a0;  alias, 1 drivers
L_0x64db9d9205d0 .concat [ 16 1 0 0], v0x64db9d91d210_0, L_0x76672ac6e018;
L_0x64db9d920670 .concat [ 16 1 0 0], v0x64db9d91c5e0_0, L_0x76672ac6e060;
L_0x64db9d920760 .arith/sub 17, L_0x64db9d9205d0, L_0x64db9d920670;
L_0x64db9d9208a0 .part L_0x64db9d920760, 0, 16;
L_0x64db9d920990 .part L_0x64db9d920760, 16, 1;
    .scope S_0x64db9d919db0;
T_1 ;
    %wait E_0x64db9d8fd470;
    %load/vec4 v0x64db9d91a9e0_0;
    %flag_set/vec4 8;
    %jmp/0xz  T_1.0, 8;
    %pushi/vec4 0, 0, 3;
    %assign/vec4 v0x64db9d91ab60_0, 0;
    %jmp T_1.1;
T_1.0 ;
    %load/vec4 v0x64db9d91a900_0;
    %assign/vec4 v0x64db9d91ab60_0, 0;
T_1.1 ;
    %jmp T_1;
    .thread T_1;
    .scope S_0x64db9d919db0;
T_2 ;
    %wait E_0x64db9d8b8310;
    %load/vec4 v0x64db9d91ab60_0;
    %dup/vec4;
    %pushi/vec4 0, 0, 3;
    %cmp/u;
    %jmp/1 T_2.0, 6;
    %dup/vec4;
    %pushi/vec4 1, 0, 3;
    %cmp/u;
    %jmp/1 T_2.1, 6;
    %dup/vec4;
    %pushi/vec4 2, 0, 3;
    %cmp/u;
    %jmp/1 T_2.2, 6;
    %dup/vec4;
    %pushi/vec4 3, 0, 3;
    %cmp/u;
    %jmp/1 T_2.3, 6;
    %dup/vec4;
    %pushi/vec4 4, 0, 3;
    %cmp/u;
    %jmp/1 T_2.4, 6;
    %pushi/vec4 0, 0, 3;
    %store/vec4 v0x64db9d91a900_0, 0, 3;
    %jmp T_2.6;
T_2.0 ;
    %load/vec4 v0x64db9d91aaa0_0;
    %flag_set/vec4 8;
    %jmp/0 T_2.7, 8;
    %pushi/vec4 1, 0, 3;
    %jmp/1 T_2.8, 8;
T_2.7 ; End of true expr.
    %pushi/vec4 0, 0, 3;
    %jmp/0 T_2.8, 8;
 ; End of false expr.
    %blend;
T_2.8;
    %store/vec4 v0x64db9d91a900_0, 0, 3;
    %jmp T_2.6;
T_2.1 ;
    %pushi/vec4 2, 0, 3;
    %store/vec4 v0x64db9d91a900_0, 0, 3;
    %jmp T_2.6;
T_2.2 ;
    %load/vec4 v0x64db9d91a6c0_0;
    %flag_set/vec4 8;
    %jmp/0 T_2.9, 8;
    %load/vec4 v0x64db9d91a780_0;
    %flag_set/vec4 9;
    %jmp/0 T_2.11, 9;
    %pushi/vec4 4, 0, 3;
    %jmp/1 T_2.12, 9;
T_2.11 ; End of true expr.
    %pushi/vec4 1, 0, 3;
    %jmp/0 T_2.12, 9;
 ; End of false expr.
    %blend;
T_2.12;
    %jmp/1 T_2.10, 8;
T_2.9 ; End of true expr.
    %pushi/vec4 3, 0, 3;
    %jmp/0 T_2.10, 8;
 ; End of false expr.
    %blend;
T_2.10;
    %store/vec4 v0x64db9d91a900_0, 0, 3;
    %jmp T_2.6;
T_2.3 ;
    %load/vec4 v0x64db9d91a780_0;
    %flag_set/vec4 8;
    %jmp/0 T_2.13, 8;
    %pushi/vec4 4, 0, 3;
    %jmp/1 T_2.14, 8;
T_2.13 ; End of true expr.
    %pushi/vec4 1, 0, 3;
    %jmp/0 T_2.14, 8;
 ; End of false expr.
    %blend;
T_2.14;
    %store/vec4 v0x64db9d91a900_0, 0, 3;
    %jmp T_2.6;
T_2.4 ;
    %load/vec4 v0x64db9d91aaa0_0;
    %flag_set/vec4 8;
    %jmp/0 T_2.15, 8;
    %pushi/vec4 0, 0, 3;
    %jmp/1 T_2.16, 8;
T_2.15 ; End of true expr.
    %pushi/vec4 4, 0, 3;
    %jmp/0 T_2.16, 8;
 ; End of false expr.
    %blend;
T_2.16;
    %store/vec4 v0x64db9d91a900_0, 0, 3;
    %jmp T_2.6;
T_2.6 ;
    %pop/vec4 1;
    %jmp T_2;
    .thread T_2, $push;
    .scope S_0x64db9d919db0;
T_3 ;
    %wait E_0x64db9d8e2250;
    %pushi/vec4 0, 0, 1;
    %store/vec4 v0x64db9d91a4f0_0, 0, 1;
    %pushi/vec4 0, 0, 1;
    %store/vec4 v0x64db9d8c7120_0, 0, 1;
    %pushi/vec4 0, 0, 1;
    %store/vec4 v0x64db9d8c6f10_0, 0, 1;
    %pushi/vec4 0, 0, 1;
    %store/vec4 v0x64db9d91a430_0, 0, 1;
    %pushi/vec4 0, 0, 1;
    %store/vec4 v0x64db9d91a600_0, 0, 1;
    %pushi/vec4 0, 0, 1;
    %store/vec4 v0x64db9d8c7960_0, 0, 1;
    %load/vec4 v0x64db9d91ab60_0;
    %dup/vec4;
    %pushi/vec4 0, 0, 3;
    %cmp/u;
    %jmp/1 T_3.0, 6;
    %dup/vec4;
    %pushi/vec4 1, 0, 3;
    %cmp/u;
    %jmp/1 T_3.1, 6;
    %dup/vec4;
    %pushi/vec4 2, 0, 3;
    %cmp/u;
    %jmp/1 T_3.2, 6;
    %dup/vec4;
    %pushi/vec4 3, 0, 3;
    %cmp/u;
    %jmp/1 T_3.3, 6;
    %dup/vec4;
    %pushi/vec4 4, 0, 3;
    %cmp/u;
    %jmp/1 T_3.4, 6;
    %jmp T_3.6;
T_3.0 ;
    %pushi/vec4 1, 0, 1;
    %store/vec4 v0x64db9d91a4f0_0, 0, 1;
    %jmp T_3.6;
T_3.1 ;
    %pushi/vec4 1, 0, 1;
    %store/vec4 v0x64db9d8c7120_0, 0, 1;
    %pushi/vec4 1, 0, 1;
    %store/vec4 v0x64db9d91a430_0, 0, 1;
    %jmp T_3.6;
T_3.2 ;
    %jmp T_3.6;
T_3.3 ;
    %pushi/vec4 1, 0, 1;
    %store/vec4 v0x64db9d8c6f10_0, 0, 1;
    %pushi/vec4 1, 0, 1;
    %store/vec4 v0x64db9d91a600_0, 0, 1;
    %jmp T_3.6;
T_3.4 ;
    %pushi/vec4 1, 0, 1;
    %store/vec4 v0x64db9d8c7960_0, 0, 1;
    %jmp T_3.6;
T_3.6 ;
    %pop/vec4 1;
    %jmp T_3;
    .thread T_3, $push;
    .scope S_0x64db9d91c300;
T_4 ;
    %wait E_0x64db9d91bee0;
    %load/vec4 v0x64db9d91c6c0_0;
    %flag_set/vec4 8;
    %jmp/0xz  T_4.0, 8;
    %load/vec4 v0x64db9d91c7d0_0;
    %assign/vec4 v0x64db9d91c5e0_0, 0;
T_4.0 ;
    %jmp T_4;
    .thread T_4;
    .scope S_0x64db9d91c9e0;
T_5 ;
    %wait E_0x64db9d91bee0;
    %load/vec4 v0x64db9d91d080_0;
    %flag_set/vec4 8;
    %jmp/0xz  T_5.0, 8;
    %load/vec4 v0x64db9d91d2b0_0;
    %assign/vec4 v0x64db9d91cd90_0, 0;
    %pushi/vec4 0, 0, 16;
    %assign/vec4 v0x64db9d91d210_0, 0;
    %jmp T_5.1;
T_5.0 ;
    %load/vec4 v0x64db9d91cf80_0;
    %flag_set/vec4 8;
    %jmp/0xz  T_5.2, 8;
    %load/vec4 v0x64db9d91d210_0;
    %load/vec4 v0x64db9d91cd90_0;
    %concat/vec4; draw_concat_vec4
    %ix/load 4, 1, 0;
    %flag_set/imm 4, 0;
    %shiftl 4;
    %split/vec4 16;
    %assign/vec4 v0x64db9d91cd90_0, 0;
    %assign/vec4 v0x64db9d91d210_0, 0;
    %jmp T_5.3;
T_5.2 ;
    %load/vec4 v0x64db9d91d120_0;
    %flag_set/vec4 8;
    %jmp/0xz  T_5.4, 8;
    %load/vec4 v0x64db9d91d3f0_0;
    %assign/vec4 v0x64db9d91d210_0, 0;
T_5.4 ;
    %load/vec4 v0x64db9d91ce90_0;
    %flag_set/vec4 8;
    %jmp/0xz  T_5.6, 8;
    %pushi/vec4 1, 0, 1;
    %ix/load 4, 0, 0;
    %ix/load 5, 0, 0;
    %flag_set/imm 4, 0;
    %assign/vec4/off/d v0x64db9d91cd90_0, 4, 5;
T_5.6 ;
T_5.3 ;
T_5.1 ;
    %jmp T_5;
    .thread T_5;
    .scope S_0x64db9d91bc30;
T_6 ;
    %wait E_0x64db9d91bee0;
    %load/vec4 v0x64db9d91c200_0;
    %flag_set/vec4 8;
    %jmp/0xz  T_6.0, 8;
    %pushi/vec4 0, 0, 5;
    %assign/vec4 v0x64db9d91c030_0, 0;
    %jmp T_6.1;
T_6.0 ;
    %load/vec4 v0x64db9d91c100_0;
    %flag_set/vec4 8;
    %jmp/0xz  T_6.2, 8;
    %load/vec4 v0x64db9d91c030_0;
    %addi 1, 0, 5;
    %assign/vec4 v0x64db9d91c030_0, 0;
T_6.2 ;
T_6.1 ;
    %jmp T_6;
    .thread T_6;
    .scope S_0x64db9d8df690;
T_7 ;
    %pushi/vec4 0, 0, 32;
    %store/vec4 v0x64db9d9201f0_0, 0, 32;
    %pushi/vec4 0, 0, 32;
    %store/vec4 v0x64db9d9204f0_0, 0, 32;
    %end;
    .thread T_7;
    .scope S_0x64db9d8df690;
T_8 ;
    %pushi/vec4 0, 0, 1;
    %store/vec4 v0x64db9d920150_0, 0, 1;
    %end;
    .thread T_8;
    .scope S_0x64db9d8df690;
T_9 ;
    %delay 5, 0;
    %load/vec4 v0x64db9d920150_0;
    %inv;
    %store/vec4 v0x64db9d920150_0, 0, 1;
    %jmp T_9;
    .thread T_9;
    .scope S_0x64db9d8df690;
T_10 ;
    %vpi_call 2 63 "$dumpfile", "divisor_top_TB.vcd" {0 0 0};
    %vpi_call 2 64 "$dumpvars", 32'sb00000000000000000000000000000000, S_0x64db9d8df690 {0 0 0};
    %pushi/vec4 1, 0, 1;
    %store/vec4 v0x64db9d9202d0_0, 0, 1;
    %pushi/vec4 0, 0, 1;
    %store/vec4 v0x64db9d9203c0_0, 0, 1;
    %pushi/vec4 0, 0, 16;
    %store/vec4 v0x64db9d91ffd0_0, 0, 16;
    %pushi/vec4 0, 0, 16;
    %store/vec4 v0x64db9d920090_0, 0, 16;
    %pushi/vec4 2, 0, 32;
T_10.0 %dup/vec4;
    %pushi/vec4 0, 0, 32;
    %cmp/s;
    %jmp/1xz T_10.1, 5;
    %jmp/1 T_10.1, 4;
    %pushi/vec4 1, 0, 32;
    %sub;
    %wait E_0x64db9d8e1d90;
    %jmp T_10.0;
T_10.1 ;
    %pop/vec4 1;
    %pushi/vec4 0, 0, 1;
    %store/vec4 v0x64db9d9202d0_0, 0, 1;
    %wait E_0x64db9d8e1d90;
    %pushi/vec4 20, 0, 16;
    %store/vec4 v0x64db9d8f5530_0, 0, 16;
    %pushi/vec4 4, 0, 16;
    %store/vec4 v0x64db9d8c6be0_0, 0, 16;
    %fork TD_tb_divisor.run_test, S_0x64db9d8df950;
    %join;
    %pushi/vec4 100, 0, 16;
    %store/vec4 v0x64db9d8f5530_0, 0, 16;
    %pushi/vec4 7, 0, 16;
    %store/vec4 v0x64db9d8c6be0_0, 0, 16;
    %fork TD_tb_divisor.run_test, S_0x64db9d8df950;
    %join;
    %pushi/vec4 65535, 0, 16;
    %store/vec4 v0x64db9d8f5530_0, 0, 16;
    %pushi/vec4 1, 0, 16;
    %store/vec4 v0x64db9d8c6be0_0, 0, 16;
    %fork TD_tb_divisor.run_test, S_0x64db9d8df950;
    %join;
    %pushi/vec4 65535, 0, 16;
    %store/vec4 v0x64db9d8f5530_0, 0, 16;
    %pushi/vec4 65535, 0, 16;
    %store/vec4 v0x64db9d8c6be0_0, 0, 16;
    %fork TD_tb_divisor.run_test, S_0x64db9d8df950;
    %join;
    %pushi/vec4 1, 0, 16;
    %store/vec4 v0x64db9d8f5530_0, 0, 16;
    %pushi/vec4 1, 0, 16;
    %store/vec4 v0x64db9d8c6be0_0, 0, 16;
    %fork TD_tb_divisor.run_test, S_0x64db9d8df950;
    %join;
    %pushi/vec4 0, 0, 16;
    %store/vec4 v0x64db9d8f5530_0, 0, 16;
    %pushi/vec4 5, 0, 16;
    %store/vec4 v0x64db9d8c6be0_0, 0, 16;
    %fork TD_tb_divisor.run_test, S_0x64db9d8df950;
    %join;
    %pushi/vec4 12345, 0, 16;
    %store/vec4 v0x64db9d8f5530_0, 0, 16;
    %pushi/vec4 100, 0, 16;
    %store/vec4 v0x64db9d8c6be0_0, 0, 16;
    %fork TD_tb_divisor.run_test, S_0x64db9d8df950;
    %join;
    %vpi_call 2 81 "$display", "--------------------------------------------------" {0 0 0};
    %load/vec4 v0x64db9d9201f0_0;
    %cmpi/e 0, 0, 32;
    %jmp/0xz  T_10.2, 4;
    %vpi_call 2 83 "$display", "TODAS LAS PRUEBAS PASARON (%0d/%0d)", v0x64db9d9204f0_0, v0x64db9d9204f0_0 {0 0 0};
    %jmp T_10.3;
T_10.2 ;
    %vpi_call 2 85 "$display", "%0d DE %0d PRUEBAS FALLARON", v0x64db9d9201f0_0, v0x64db9d9204f0_0 {0 0 0};
T_10.3 ;
    %vpi_call 2 87 "$finish" {0 0 0};
    %end;
    .thread T_10;
# The file index is used to find the file name in the following table.
:file_names 11;
    "N/A";
    "<interactive>";
    "divisor_top_TB.v";
    "divisor_top.v";
    "control.v";
    "datapath.v";
    "comparador.v";
    "contador_i.v";
    "reg_divisor.v";
    "reg_ra.v";
    "restador.v";
