#! /usr/bin/vvp
:ivl_version "12.0 (stable)";
:ivl_delay_selection "TYPICAL";
:vpi_time_precision + 0;
:vpi_module "/usr/lib/x86_64-linux-gnu/ivl/system.vpi";
:vpi_module "/usr/lib/x86_64-linux-gnu/ivl/vhdl_sys.vpi";
:vpi_module "/usr/lib/x86_64-linux-gnu/ivl/vhdl_textio.vpi";
:vpi_module "/usr/lib/x86_64-linux-gnu/ivl/v2005_math.vpi";
:vpi_module "/usr/lib/x86_64-linux-gnu/ivl/va_math.vpi";
S_0x5d16f9025bb0 .scope module, "tb_multiplier" "tb_multiplier" 2 1;
 .timescale 0 0;
P_0x5d16f902dd50 .param/l "N" 0 2 3, +C4<00000000000000000000000000010000>;
v0x5d16f9064130_0 .net "DONE", 0 0, v0x5d16f9010cc0_0;  1 drivers
v0x5d16f90641f0_0 .net "R", 31 0, v0x5d16f9060280_0;  1 drivers
v0x5d16f90642b0_0 .var "a", 15 0;
v0x5d16f9064350_0 .var "b", 15 0;
v0x5d16f9064410_0 .var "clk", 0 0;
v0x5d16f9064500_0 .var/i "errors", 31 0;
v0x5d16f90645e0_0 .var "rst", 0 0;
v0x5d16f90646d0_0 .var "start", 0 0;
v0x5d16f90647c0_0 .var/i "tests", 31 0;
S_0x5d16f9025d90 .scope task, "run_test" "run_test" 2 29, 2 29 0, S_0x5d16f9025bb0;
 .timescale 0 0;
v0x5d16f903bbb0_0 .var "expected", 31 0;
v0x5d16f903e2f0_0 .var "ta", 15 0;
v0x5d16f903c4d0_0 .var "tb", 15 0;
E_0x5d16f902b3a0 .event posedge, v0x5d16f905f3a0_0;
E_0x5d16f902ad90 .event anyedge, v0x5d16f9010cc0_0;
TD_tb_multiplier.run_test ;
    %load/vec4 v0x5d16f90647c0_0;
    %addi 1, 0, 32;
    %store/vec4 v0x5d16f90647c0_0, 0, 32;
    %load/vec4 v0x5d16f903e2f0_0;
    %pad/u 32;
    %load/vec4 v0x5d16f903c4d0_0;
    %pad/u 32;
    %mul;
    %store/vec4 v0x5d16f903bbb0_0, 0, 32;
    %load/vec4 v0x5d16f903e2f0_0;
    %store/vec4 v0x5d16f90642b0_0, 0, 16;
    %load/vec4 v0x5d16f903c4d0_0;
    %store/vec4 v0x5d16f9064350_0, 0, 16;
    %pushi/vec4 0, 0, 1;
    %store/vec4 v0x5d16f90646d0_0, 0, 1;
    %wait E_0x5d16f902b3a0;
    %pushi/vec4 1, 0, 1;
    %store/vec4 v0x5d16f90646d0_0, 0, 1;
    %wait E_0x5d16f902b3a0;
    %wait E_0x5d16f902b3a0;
    %pushi/vec4 0, 0, 1;
    %store/vec4 v0x5d16f90646d0_0, 0, 1;
T_0.0 ;
    %load/vec4 v0x5d16f9064130_0;
    %pushi/vec4 1, 0, 1;
    %cmp/e;
    %flag_get/vec4 4;
    %cmpi/ne 1, 0, 1;
    %jmp/0xz T_0.1, 6;
    %wait E_0x5d16f902ad90;
    %jmp T_0.0;
T_0.1 ;
    %wait E_0x5d16f902b3a0;
    %load/vec4 v0x5d16f90641f0_0;
    %load/vec4 v0x5d16f903bbb0_0;
    %cmp/ne;
    %jmp/0xz  T_0.2, 6;
    %vpi_call 2 51 "$display", "FALLO: a=%0d b=%0d -> R=%0d (esperado %0d)", v0x5d16f903e2f0_0, v0x5d16f903c4d0_0, v0x5d16f90641f0_0, v0x5d16f903bbb0_0 {0 0 0};
    %load/vec4 v0x5d16f9064500_0;
    %addi 1, 0, 32;
    %store/vec4 v0x5d16f9064500_0, 0, 32;
    %jmp T_0.3;
T_0.2 ;
    %vpi_call 2 54 "$display", "OK   : a=%0d b=%0d -> R=%0d", v0x5d16f903e2f0_0, v0x5d16f903c4d0_0, v0x5d16f90641f0_0 {0 0 0};
T_0.3 ;
    %wait E_0x5d16f902b3a0;
    %end;
S_0x5d16f905e6e0 .scope module, "uut" "multiplier_top" 2 15, 3 1 0, S_0x5d16f9025bb0;
 .timescale 0 0;
    .port_info 0 /INPUT 1 "clk";
    .port_info 1 /INPUT 1 "rst";
    .port_info 2 /INPUT 1 "start";
    .port_info 3 /INPUT 16 "a";
    .port_info 4 /INPUT 16 "b";
    .port_info 5 /OUTPUT 32 "R";
    .port_info 6 /OUTPUT 1 "DONE";
P_0x5d16f905e8e0 .param/l "N" 0 3 2, +C4<00000000000000000000000000010000>;
v0x5d16f90636d0_0 .net "AD", 0 0, v0x5d16f9010990_0;  1 drivers
v0x5d16f9063790_0 .net "DONE", 0 0, v0x5d16f9010cc0_0;  alias, 1 drivers
v0x5d16f9063850_0 .net "LD", 0 0, v0x5d16f9010ed0_0;  1 drivers
v0x5d16f90638f0_0 .net "R", 31 0, v0x5d16f9060280_0;  alias, 1 drivers
v0x5d16f9063990_0 .net "SH", 0 0, v0x5d16f9011710_0;  1 drivers
v0x5d16f9063b10_0 .net "Z", 0 0, L_0x5d16f9074f90;  1 drivers
v0x5d16f9063bb0_0 .net "a", 15 0, v0x5d16f90642b0_0;  1 drivers
v0x5d16f9063c50_0 .net "b", 15 0, v0x5d16f9064350_0;  1 drivers
v0x5d16f9063d40_0 .net "b_i", 0 0, L_0x5d16f9074c50;  1 drivers
v0x5d16f9063e70_0 .net "clk", 0 0, v0x5d16f9064410_0;  1 drivers
v0x5d16f9063f10_0 .net "rst", 0 0, v0x5d16f90645e0_0;  1 drivers
v0x5d16f9063fb0_0 .net "start", 0 0, v0x5d16f90646d0_0;  1 drivers
S_0x5d16f905ea30 .scope module, "u_control" "control" 3 16, 4 1 0, S_0x5d16f905e6e0;
 .timescale 0 0;
    .port_info 0 /INPUT 1 "clk";
    .port_info 1 /INPUT 1 "rst";
    .port_info 2 /INPUT 1 "start";
    .port_info 3 /INPUT 1 "b_i";
    .port_info 4 /INPUT 1 "Z";
    .port_info 5 /OUTPUT 1 "LD";
    .port_info 6 /OUTPUT 1 "SH";
    .port_info 7 /OUTPUT 1 "AD";
    .port_info 8 /OUTPUT 1 "DONE";
P_0x5d16f905ec10 .param/l "ADDST" 1 4 16, C4<010>;
P_0x5d16f905ec50 .param/l "CHECK" 1 4 15, C4<001>;
P_0x5d16f905ec90 .param/l "DONEST" 1 4 18, C4<100>;
P_0x5d16f905ecd0 .param/l "IDLE" 1 4 14, C4<000>;
P_0x5d16f905ed10 .param/l "SHIFTST" 1 4 17, C4<011>;
v0x5d16f9010990_0 .var "AD", 0 0;
v0x5d16f9010cc0_0 .var "DONE", 0 0;
v0x5d16f9010ed0_0 .var "LD", 0 0;
v0x5d16f9011710_0 .var "SH", 0 0;
v0x5d16f905f1d0_0 .net "Z", 0 0, L_0x5d16f9074f90;  alias, 1 drivers
v0x5d16f905f2e0_0 .net "b_i", 0 0, L_0x5d16f9074c50;  alias, 1 drivers
v0x5d16f905f3a0_0 .net "clk", 0 0, v0x5d16f9064410_0;  alias, 1 drivers
v0x5d16f905f460_0 .var "next_state", 2 0;
v0x5d16f905f540_0 .net "rst", 0 0, v0x5d16f90645e0_0;  alias, 1 drivers
v0x5d16f905f600_0 .net "start", 0 0, v0x5d16f90646d0_0;  alias, 1 drivers
v0x5d16f905f6c0_0 .var "state", 2 0;
E_0x5d16f9003210 .event anyedge, v0x5d16f905f6c0_0;
E_0x5d16f9041fd0 .event anyedge, v0x5d16f905f6c0_0, v0x5d16f905f600_0, v0x5d16f905f2e0_0, v0x5d16f905f1d0_0;
E_0x5d16f9042130 .event posedge, v0x5d16f905f540_0, v0x5d16f905f3a0_0;
S_0x5d16f905f8c0 .scope module, "u_datapath" "datapath" 3 28, 5 1 0, S_0x5d16f905e6e0;
 .timescale 0 0;
    .port_info 0 /INPUT 1 "clk";
    .port_info 1 /INPUT 16 "a";
    .port_info 2 /INPUT 16 "b";
    .port_info 3 /INPUT 1 "LD";
    .port_info 4 /INPUT 1 "SH";
    .port_info 5 /INPUT 1 "AD";
    .port_info 6 /OUTPUT 1 "b_i";
    .port_info 7 /OUTPUT 1 "Z";
    .port_info 8 /OUTPUT 32 "R";
P_0x5d16f905fa70 .param/l "CNT_WIDTH" 0 5 3, +C4<00000000000000000000000000000101>;
P_0x5d16f905fab0 .param/l "N" 0 5 2, +C4<00000000000000000000000000010000>;
v0x5d16f9062cc0_0 .net "AD", 0 0, v0x5d16f9010990_0;  alias, 1 drivers
v0x5d16f9062d80_0 .net "LD", 0 0, v0x5d16f9010ed0_0;  alias, 1 drivers
v0x5d16f9062e40_0 .net "R", 31 0, v0x5d16f9060280_0;  alias, 1 drivers
v0x5d16f9062ee0_0 .net "SH", 0 0, v0x5d16f9011710_0;  alias, 1 drivers
v0x5d16f9062f80_0 .net "Z", 0 0, L_0x5d16f9074f90;  alias, 1 drivers
v0x5d16f90630c0_0 .net "a", 15 0, v0x5d16f90642b0_0;  alias, 1 drivers
v0x5d16f9063160_0 .net "a_shifted", 31 0, v0x5d16f9061b80_0;  1 drivers
v0x5d16f9063250_0 .net "b", 15 0, v0x5d16f9064350_0;  alias, 1 drivers
v0x5d16f90632f0_0 .net "b_i", 0 0, L_0x5d16f9074c50;  alias, 1 drivers
v0x5d16f9063420_0 .net "clk", 0 0, v0x5d16f9064410_0;  alias, 1 drivers
v0x5d16f90634c0_0 .net "count", 4 0, v0x5d16f90613b0_0;  1 drivers
S_0x5d16f905fd60 .scope module, "u_acc" "acc" 5 47, 6 1 0, S_0x5d16f905f8c0;
 .timescale 0 0;
    .port_info 0 /INPUT 1 "clk";
    .port_info 1 /INPUT 1 "LD";
    .port_info 2 /INPUT 1 "AD";
    .port_info 3 /INPUT 32 "add_val";
    .port_info 4 /OUTPUT 32 "R";
P_0x5d16f905ff40 .param/l "N" 0 6 2, +C4<00000000000000000000000000010000>;
v0x5d16f90600c0_0 .net "AD", 0 0, v0x5d16f9010990_0;  alias, 1 drivers
v0x5d16f90601b0_0 .net "LD", 0 0, v0x5d16f9010ed0_0;  alias, 1 drivers
v0x5d16f9060280_0 .var "R", 31 0;
v0x5d16f9060350_0 .net "add_val", 31 0, v0x5d16f9061b80_0;  alias, 1 drivers
v0x5d16f9060410_0 .net "clk", 0 0, v0x5d16f9064410_0;  alias, 1 drivers
E_0x5d16f9060040 .event negedge, v0x5d16f905f3a0_0;
S_0x5d16f90605b0 .scope module, "u_comparador" "comparador" 5 34, 7 1 0, S_0x5d16f905f8c0;
 .timescale 0 0;
    .port_info 0 /INPUT 5 "count";
    .port_info 1 /OUTPUT 1 "Z";
P_0x5d16f905fb50 .param/l "CNT_WIDTH" 0 7 3, +C4<00000000000000000000000000000101>;
P_0x5d16f905fb90 .param/l "N" 0 7 2, +C4<00000000000000000000000000010000>;
v0x5d16f9060950_0 .net "Z", 0 0, L_0x5d16f9074f90;  alias, 1 drivers
L_0x724cd1d860f0 .functor BUFT 1, C4<10000>, C4<0>, C4<0>, C4<0>;
v0x5d16f9060a40_0 .net/2u *"_ivl_0", 4 0, L_0x724cd1d860f0;  1 drivers
v0x5d16f9060b00_0 .net *"_ivl_2", 0 0, L_0x5d16f9074e50;  1 drivers
L_0x724cd1d86138 .functor BUFT 1, C4<1>, C4<0>, C4<0>, C4<0>;
v0x5d16f9060bd0_0 .net/2u *"_ivl_4", 0 0, L_0x724cd1d86138;  1 drivers
L_0x724cd1d86180 .functor BUFT 1, C4<0>, C4<0>, C4<0>, C4<0>;
v0x5d16f9060cb0_0 .net/2u *"_ivl_6", 0 0, L_0x724cd1d86180;  1 drivers
v0x5d16f9060de0_0 .net "count", 4 0, v0x5d16f90613b0_0;  alias, 1 drivers
L_0x5d16f9074e50 .cmp/eq 5, v0x5d16f90613b0_0, L_0x724cd1d860f0;
L_0x5d16f9074f90 .functor MUXZ 1, L_0x724cd1d86180, L_0x724cd1d86138, L_0x5d16f9074e50, C4<>;
S_0x5d16f9060f20 .scope module, "u_contador" "contador" 5 27, 8 1 0, S_0x5d16f905f8c0;
 .timescale 0 0;
    .port_info 0 /INPUT 1 "clk";
    .port_info 1 /INPUT 1 "rst";
    .port_info 2 /INPUT 1 "inc";
    .port_info 3 /OUTPUT 5 "count";
P_0x5d16f9060800 .param/l "CNT_WIDTH" 0 8 3, +C4<00000000000000000000000000000101>;
P_0x5d16f9060840 .param/l "N" 0 8 2, +C4<00000000000000000000000000010000>;
v0x5d16f90612c0_0 .net "clk", 0 0, v0x5d16f9064410_0;  alias, 1 drivers
v0x5d16f90613b0_0 .var "count", 4 0;
v0x5d16f9061450_0 .net "inc", 0 0, v0x5d16f9011710_0;  alias, 1 drivers
v0x5d16f9061550_0 .net "rst", 0 0, v0x5d16f9010ed0_0;  alias, 1 drivers
S_0x5d16f9061660 .scope module, "u_lsr" "lsr" 5 39, 9 1 0, S_0x5d16f905f8c0;
 .timescale 0 0;
    .port_info 0 /INPUT 1 "clk";
    .port_info 1 /INPUT 1 "LD";
    .port_info 2 /INPUT 1 "SH";
    .port_info 3 /INPUT 16 "a_in";
    .port_info 4 /OUTPUT 32 "a_out";
P_0x5d16f9061840 .param/l "N" 0 9 2, +C4<00000000000000000000000000010000>;
v0x5d16f9061910_0 .net "LD", 0 0, v0x5d16f9010ed0_0;  alias, 1 drivers
v0x5d16f90619d0_0 .net "SH", 0 0, v0x5d16f9011710_0;  alias, 1 drivers
v0x5d16f9061ae0_0 .net "a_in", 15 0, v0x5d16f90642b0_0;  alias, 1 drivers
v0x5d16f9061b80_0 .var "a_out", 31 0;
v0x5d16f9061c70_0 .net "clk", 0 0, v0x5d16f9064410_0;  alias, 1 drivers
S_0x5d16f9061de0 .scope module, "u_reg_b" "reg_b" 5 19, 10 1 0, S_0x5d16f905f8c0;
 .timescale 0 0;
    .port_info 0 /INPUT 1 "clk";
    .port_info 1 /INPUT 1 "LD";
    .port_info 2 /INPUT 16 "b_in";
    .port_info 3 /INPUT 5 "idx";
    .port_info 4 /OUTPUT 1 "b_i";
P_0x5d16f9061150 .param/l "CNT_WIDTH" 0 10 3, +C4<00000000000000000000000000000101>;
P_0x5d16f9061190 .param/l "N" 0 10 2, +C4<00000000000000000000000000010000>;
v0x5d16f9062170_0 .net "LD", 0 0, v0x5d16f9010ed0_0;  alias, 1 drivers
v0x5d16f9062230_0 .net *"_ivl_0", 31 0, L_0x5d16f9064930;  1 drivers
L_0x724cd1d860a8 .functor BUFT 1, C4<0>, C4<0>, C4<0>, C4<0>;
v0x5d16f9062310_0 .net/2u *"_ivl_10", 0 0, L_0x724cd1d860a8;  1 drivers
L_0x724cd1d86018 .functor BUFT 1, C4<000000000000000000000000000>, C4<0>, C4<0>, C4<0>;
v0x5d16f9062400_0 .net *"_ivl_3", 26 0, L_0x724cd1d86018;  1 drivers
L_0x724cd1d86060 .functor BUFT 1, C4<00000000000000000000000000010000>, C4<0>, C4<0>, C4<0>;
v0x5d16f90624e0_0 .net/2u *"_ivl_4", 31 0, L_0x724cd1d86060;  1 drivers
v0x5d16f90625c0_0 .net *"_ivl_6", 0 0, L_0x5d16f9074a90;  1 drivers
v0x5d16f9062680_0 .net *"_ivl_9", 0 0, L_0x5d16f9074b80;  1 drivers
v0x5d16f9062760_0 .net "b_i", 0 0, L_0x5d16f9074c50;  alias, 1 drivers
v0x5d16f9062800_0 .net "b_in", 15 0, v0x5d16f9064350_0;  alias, 1 drivers
v0x5d16f9062950_0 .var "b_reg", 15 0;
v0x5d16f9062a30_0 .net "clk", 0 0, v0x5d16f9064410_0;  alias, 1 drivers
v0x5d16f9062b60_0 .net "idx", 4 0, v0x5d16f90613b0_0;  alias, 1 drivers
L_0x5d16f9064930 .concat [ 5 27 0 0], v0x5d16f90613b0_0, L_0x724cd1d86018;
L_0x5d16f9074a90 .cmp/gt 32, L_0x724cd1d86060, L_0x5d16f9064930;
L_0x5d16f9074b80 .part/v v0x5d16f9062950_0, v0x5d16f90613b0_0, 1;
L_0x5d16f9074c50 .functor MUXZ 1, L_0x724cd1d860a8, L_0x5d16f9074b80, L_0x5d16f9074a90, C4<>;
    .scope S_0x5d16f905ea30;
T_1 ;
    %wait E_0x5d16f9042130;
    %load/vec4 v0x5d16f905f540_0;
    %flag_set/vec4 8;
    %jmp/0xz  T_1.0, 8;
    %pushi/vec4 0, 0, 3;
    %assign/vec4 v0x5d16f905f6c0_0, 0;
    %jmp T_1.1;
T_1.0 ;
    %load/vec4 v0x5d16f905f460_0;
    %assign/vec4 v0x5d16f905f6c0_0, 0;
T_1.1 ;
    %jmp T_1;
    .thread T_1;
    .scope S_0x5d16f905ea30;
T_2 ;
    %wait E_0x5d16f9041fd0;
    %load/vec4 v0x5d16f905f6c0_0;
    %dup/vec4;
    %pushi/vec4 0, 0, 3;
    %cmp/u;
    %jmp/1 T_2.0, 6;
    %dup/vec4;
    %pushi/vec4 1, 0, 3;
    %cmp/u;
    %jmp/1 T_2.1, 6;
    %dup/vec4;
    %pushi/vec4 2, 0, 3;
    %cmp/u;
    %jmp/1 T_2.2, 6;
    %dup/vec4;
    %pushi/vec4 3, 0, 3;
    %cmp/u;
    %jmp/1 T_2.3, 6;
    %dup/vec4;
    %pushi/vec4 4, 0, 3;
    %cmp/u;
    %jmp/1 T_2.4, 6;
    %pushi/vec4 0, 0, 3;
    %store/vec4 v0x5d16f905f460_0, 0, 3;
    %jmp T_2.6;
T_2.0 ;
    %load/vec4 v0x5d16f905f600_0;
    %flag_set/vec4 8;
    %jmp/0 T_2.7, 8;
    %pushi/vec4 1, 0, 3;
    %jmp/1 T_2.8, 8;
T_2.7 ; End of true expr.
    %pushi/vec4 0, 0, 3;
    %jmp/0 T_2.8, 8;
 ; End of false expr.
    %blend;
T_2.8;
    %store/vec4 v0x5d16f905f460_0, 0, 3;
    %jmp T_2.6;
T_2.1 ;
    %load/vec4 v0x5d16f905f2e0_0;
    %flag_set/vec4 8;
    %jmp/0 T_2.9, 8;
    %pushi/vec4 2, 0, 3;
    %jmp/1 T_2.10, 8;
T_2.9 ; End of true expr.
    %pushi/vec4 3, 0, 3;
    %jmp/0 T_2.10, 8;
 ; End of false expr.
    %blend;
T_2.10;
    %store/vec4 v0x5d16f905f460_0, 0, 3;
    %jmp T_2.6;
T_2.2 ;
    %pushi/vec4 3, 0, 3;
    %store/vec4 v0x5d16f905f460_0, 0, 3;
    %jmp T_2.6;
T_2.3 ;
    %load/vec4 v0x5d16f905f1d0_0;
    %flag_set/vec4 8;
    %jmp/0 T_2.11, 8;
    %pushi/vec4 4, 0, 3;
    %jmp/1 T_2.12, 8;
T_2.11 ; End of true expr.
    %pushi/vec4 1, 0, 3;
    %jmp/0 T_2.12, 8;
 ; End of false expr.
    %blend;
T_2.12;
    %store/vec4 v0x5d16f905f460_0, 0, 3;
    %jmp T_2.6;
T_2.4 ;
    %load/vec4 v0x5d16f905f600_0;
    %flag_set/vec4 8;
    %jmp/0 T_2.13, 8;
    %pushi/vec4 0, 0, 3;
    %jmp/1 T_2.14, 8;
T_2.13 ; End of true expr.
    %pushi/vec4 4, 0, 3;
    %jmp/0 T_2.14, 8;
 ; End of false expr.
    %blend;
T_2.14;
    %store/vec4 v0x5d16f905f460_0, 0, 3;
    %jmp T_2.6;
T_2.6 ;
    %pop/vec4 1;
    %jmp T_2;
    .thread T_2, $push;
    .scope S_0x5d16f905ea30;
T_3 ;
    %wait E_0x5d16f9003210;
    %pushi/vec4 0, 0, 1;
    %store/vec4 v0x5d16f9010ed0_0, 0, 1;
    %pushi/vec4 0, 0, 1;
    %store/vec4 v0x5d16f9011710_0, 0, 1;
    %pushi/vec4 0, 0, 1;
    %store/vec4 v0x5d16f9010990_0, 0, 1;
    %pushi/vec4 0, 0, 1;
    %store/vec4 v0x5d16f9010cc0_0, 0, 1;
    %load/vec4 v0x5d16f905f6c0_0;
    %dup/vec4;
    %pushi/vec4 0, 0, 3;
    %cmp/u;
    %jmp/1 T_3.0, 6;
    %dup/vec4;
    %pushi/vec4 1, 0, 3;
    %cmp/u;
    %jmp/1 T_3.1, 6;
    %dup/vec4;
    %pushi/vec4 2, 0, 3;
    %cmp/u;
    %jmp/1 T_3.2, 6;
    %dup/vec4;
    %pushi/vec4 3, 0, 3;
    %cmp/u;
    %jmp/1 T_3.3, 6;
    %dup/vec4;
    %pushi/vec4 4, 0, 3;
    %cmp/u;
    %jmp/1 T_3.4, 6;
    %jmp T_3.6;
T_3.0 ;
    %pushi/vec4 1, 0, 1;
    %store/vec4 v0x5d16f9010ed0_0, 0, 1;
    %jmp T_3.6;
T_3.1 ;
    %jmp T_3.6;
T_3.2 ;
    %pushi/vec4 1, 0, 1;
    %store/vec4 v0x5d16f9010990_0, 0, 1;
    %jmp T_3.6;
T_3.3 ;
    %pushi/vec4 1, 0, 1;
    %store/vec4 v0x5d16f9011710_0, 0, 1;
    %jmp T_3.6;
T_3.4 ;
    %pushi/vec4 1, 0, 1;
    %store/vec4 v0x5d16f9010cc0_0, 0, 1;
    %jmp T_3.6;
T_3.6 ;
    %pop/vec4 1;
    %jmp T_3;
    .thread T_3, $push;
    .scope S_0x5d16f9061de0;
T_4 ;
    %wait E_0x5d16f9060040;
    %load/vec4 v0x5d16f9062170_0;
    %flag_set/vec4 8;
    %jmp/0xz  T_4.0, 8;
    %load/vec4 v0x5d16f9062800_0;
    %assign/vec4 v0x5d16f9062950_0, 0;
T_4.0 ;
    %jmp T_4;
    .thread T_4;
    .scope S_0x5d16f9060f20;
T_5 ;
    %wait E_0x5d16f9060040;
    %load/vec4 v0x5d16f9061550_0;
    %flag_set/vec4 8;
    %jmp/0xz  T_5.0, 8;
    %pushi/vec4 0, 0, 5;
    %assign/vec4 v0x5d16f90613b0_0, 0;
    %jmp T_5.1;
T_5.0 ;
    %load/vec4 v0x5d16f9061450_0;
    %flag_set/vec4 8;
    %jmp/0xz  T_5.2, 8;
    %load/vec4 v0x5d16f90613b0_0;
    %addi 1, 0, 5;
    %assign/vec4 v0x5d16f90613b0_0, 0;
T_5.2 ;
T_5.1 ;
    %jmp T_5;
    .thread T_5;
    .scope S_0x5d16f9061660;
T_6 ;
    %wait E_0x5d16f9060040;
    %load/vec4 v0x5d16f9061910_0;
    %flag_set/vec4 8;
    %jmp/0xz  T_6.0, 8;
    %pushi/vec4 0, 0, 16;
    %load/vec4 v0x5d16f9061ae0_0;
    %concat/vec4; draw_concat_vec4
    %assign/vec4 v0x5d16f9061b80_0, 0;
    %jmp T_6.1;
T_6.0 ;
    %load/vec4 v0x5d16f90619d0_0;
    %flag_set/vec4 8;
    %jmp/0xz  T_6.2, 8;
    %load/vec4 v0x5d16f9061b80_0;
    %ix/load 4, 1, 0;
    %flag_set/imm 4, 0;
    %shiftl 4;
    %assign/vec4 v0x5d16f9061b80_0, 0;
T_6.2 ;
T_6.1 ;
    %jmp T_6;
    .thread T_6;
    .scope S_0x5d16f905fd60;
T_7 ;
    %wait E_0x5d16f9060040;
    %load/vec4 v0x5d16f90601b0_0;
    %flag_set/vec4 8;
    %jmp/0xz  T_7.0, 8;
    %pushi/vec4 0, 0, 32;
    %assign/vec4 v0x5d16f9060280_0, 0;
    %jmp T_7.1;
T_7.0 ;
    %load/vec4 v0x5d16f90600c0_0;
    %flag_set/vec4 8;
    %jmp/0xz  T_7.2, 8;
    %load/vec4 v0x5d16f9060280_0;
    %load/vec4 v0x5d16f9060350_0;
    %add;
    %assign/vec4 v0x5d16f9060280_0, 0;
T_7.2 ;
T_7.1 ;
    %jmp T_7;
    .thread T_7;
    .scope S_0x5d16f9025bb0;
T_8 ;
    %pushi/vec4 0, 0, 32;
    %store/vec4 v0x5d16f9064500_0, 0, 32;
    %pushi/vec4 0, 0, 32;
    %store/vec4 v0x5d16f90647c0_0, 0, 32;
    %end;
    .thread T_8;
    .scope S_0x5d16f9025bb0;
T_9 ;
    %pushi/vec4 0, 0, 1;
    %store/vec4 v0x5d16f9064410_0, 0, 1;
    %end;
    .thread T_9;
    .scope S_0x5d16f9025bb0;
T_10 ;
    %delay 5, 0;
    %load/vec4 v0x5d16f9064410_0;
    %inv;
    %store/vec4 v0x5d16f9064410_0, 0, 1;
    %jmp T_10;
    .thread T_10;
    .scope S_0x5d16f9025bb0;
T_11 ;
    %vpi_call 2 63 "$dumpfile", "multiplier_top_TB.vcd" {0 0 0};
    %vpi_call 2 64 "$dumpvars", 32'sb00000000000000000000000000000000, S_0x5d16f9025bb0 {0 0 0};
    %pushi/vec4 1, 0, 1;
    %store/vec4 v0x5d16f90645e0_0, 0, 1;
    %pushi/vec4 0, 0, 1;
    %store/vec4 v0x5d16f90646d0_0, 0, 1;
    %pushi/vec4 0, 0, 16;
    %store/vec4 v0x5d16f90642b0_0, 0, 16;
    %pushi/vec4 0, 0, 16;
    %store/vec4 v0x5d16f9064350_0, 0, 16;
    %pushi/vec4 2, 0, 32;
T_11.0 %dup/vec4;
    %pushi/vec4 0, 0, 32;
    %cmp/s;
    %jmp/1xz T_11.1, 5;
    %jmp/1 T_11.1, 4;
    %pushi/vec4 1, 0, 32;
    %sub;
    %wait E_0x5d16f902b3a0;
    %jmp T_11.0;
T_11.1 ;
    %pop/vec4 1;
    %pushi/vec4 0, 0, 1;
    %store/vec4 v0x5d16f90645e0_0, 0, 1;
    %wait E_0x5d16f902b3a0;
    %pushi/vec4 5, 0, 16;
    %store/vec4 v0x5d16f903e2f0_0, 0, 16;
    %pushi/vec4 3, 0, 16;
    %store/vec4 v0x5d16f903c4d0_0, 0, 16;
    %fork TD_tb_multiplier.run_test, S_0x5d16f9025d90;
    %join;
    %pushi/vec4 1000, 0, 16;
    %store/vec4 v0x5d16f903e2f0_0, 0, 16;
    %pushi/vec4 1000, 0, 16;
    %store/vec4 v0x5d16f903c4d0_0, 0, 16;
    %fork TD_tb_multiplier.run_test, S_0x5d16f9025d90;
    %join;
    %pushi/vec4 65535, 0, 16;
    %store/vec4 v0x5d16f903e2f0_0, 0, 16;
    %pushi/vec4 65535, 0, 16;
    %store/vec4 v0x5d16f903c4d0_0, 0, 16;
    %fork TD_tb_multiplier.run_test, S_0x5d16f9025d90;
    %join;
    %pushi/vec4 0, 0, 16;
    %store/vec4 v0x5d16f903e2f0_0, 0, 16;
    %pushi/vec4 12345, 0, 16;
    %store/vec4 v0x5d16f903c4d0_0, 0, 16;
    %fork TD_tb_multiplier.run_test, S_0x5d16f9025d90;
    %join;
    %pushi/vec4 1, 0, 16;
    %store/vec4 v0x5d16f903e2f0_0, 0, 16;
    %pushi/vec4 1, 0, 16;
    %store/vec4 v0x5d16f903c4d0_0, 0, 16;
    %fork TD_tb_multiplier.run_test, S_0x5d16f9025d90;
    %join;
    %pushi/vec4 30000, 0, 16;
    %store/vec4 v0x5d16f903e2f0_0, 0, 16;
    %pushi/vec4 2, 0, 16;
    %store/vec4 v0x5d16f903c4d0_0, 0, 16;
    %fork TD_tb_multiplier.run_test, S_0x5d16f9025d90;
    %join;
    %pushi/vec4 43690, 0, 16;
    %store/vec4 v0x5d16f903e2f0_0, 0, 16;
    %pushi/vec4 21845, 0, 16;
    %store/vec4 v0x5d16f903c4d0_0, 0, 16;
    %fork TD_tb_multiplier.run_test, S_0x5d16f9025d90;
    %join;
    %vpi_call 2 81 "$display", "--------------------------------------------------" {0 0 0};
    %load/vec4 v0x5d16f9064500_0;
    %cmpi/e 0, 0, 32;
    %jmp/0xz  T_11.2, 4;
    %vpi_call 2 83 "$display", "TODAS LAS PRUEBAS PASARON (%0d/%0d)", v0x5d16f90647c0_0, v0x5d16f90647c0_0 {0 0 0};
    %jmp T_11.3;
T_11.2 ;
    %vpi_call 2 85 "$display", "%0d DE %0d PRUEBAS FALLARON", v0x5d16f9064500_0, v0x5d16f90647c0_0 {0 0 0};
T_11.3 ;
    %vpi_call 2 87 "$finish" {0 0 0};
    %end;
    .thread T_11;
# The file index is used to find the file name in the following table.
:file_names 11;
    "N/A";
    "<interactive>";
    "multiplier_top_TB.v";
    "multiplier_top.v";
    "control.v";
    "datapath.v";
    "acc.v";
    "comparador.v";
    "contador.v";
    "lsr.v";
    "reg_b.v";
