#! /usr/bin/vvp
:ivl_version "12.0 (stable)";
:ivl_delay_selection "TYPICAL";
:vpi_time_precision - 12;
:vpi_module "/usr/lib/x86_64-linux-gnu/ivl/system.vpi";
:vpi_module "/usr/lib/x86_64-linux-gnu/ivl/vhdl_sys.vpi";
:vpi_module "/usr/lib/x86_64-linux-gnu/ivl/vhdl_textio.vpi";
:vpi_module "/usr/lib/x86_64-linux-gnu/ivl/v2005_math.vpi";
:vpi_module "/usr/lib/x86_64-linux-gnu/ivl/va_math.vpi";
S_0x6147f7450530 .scope module, "tb_divisor" "tb_divisor" 2 8;
 .timescale -9 -12;
P_0x6147f7469cc0 .param/l "CNT_WIDTH" 0 2 11, +C4<00000000000000000000000000000101>;
P_0x6147f7469d00 .param/l "N" 0 2 10, +C4<00000000000000000000000000010000>;
v0x6147f7490820_0 .net "DONE", 0 0, v0x6147f7438730_0;  1 drivers
v0x6147f74908e0_0 .net "Q", 15 0, v0x6147f748d890_0;  1 drivers
v0x6147f74909a0_0 .net "Rem", 15 0, v0x6147f748dd10_0;  1 drivers
v0x6147f7490ad0_0 .var "a", 15 0;
v0x6147f7490b90_0 .var "b", 15 0;
v0x6147f7490c50_0 .var "clk", 0 0;
v0x6147f7490cf0_0 .var/i "errors", 31 0;
v0x6147f7490dd0_0 .var "rst", 0 0;
v0x6147f7490ec0_0 .var "start", 0 0;
v0x6147f7490ff0_0 .var/i "tests", 31 0;
S_0x6147f74507f0 .scope task, "run_test" "run_test" 2 38, 2 38 0, S_0x6147f7450530;
 .timescale -9 -12;
v0x6147f746c4f0_0 .var "expected_q", 15 0;
v0x6147f746c7d0_0 .var "expected_r", 15 0;
v0x6147f7468e50_0 .var "ta", 15 0;
v0x6147f7465f20_0 .var "tb", 15 0;
E_0x6147f7452c30 .event posedge, v0x6147f748b340_0;
E_0x6147f74533e0 .event anyedge, v0x6147f7438730_0;
TD_tb_divisor.run_test ;
    %load/vec4 v0x6147f7490ff0_0;
    %addi 1, 0, 32;
    %store/vec4 v0x6147f7490ff0_0, 0, 32;
    %load/vec4 v0x6147f7468e50_0;
    %load/vec4 v0x6147f7465f20_0;
    %div;
    %store/vec4 v0x6147f746c4f0_0, 0, 16;
    %load/vec4 v0x6147f7468e50_0;
    %load/vec4 v0x6147f7465f20_0;
    %mod;
    %store/vec4 v0x6147f746c7d0_0, 0, 16;
    %load/vec4 v0x6147f7468e50_0;
    %store/vec4 v0x6147f7490ad0_0, 0, 16;
    %load/vec4 v0x6147f7465f20_0;
    %store/vec4 v0x6147f7490b90_0, 0, 16;
    %pushi/vec4 0, 0, 1;
    %store/vec4 v0x6147f7490ec0_0, 0, 1;
    %wait E_0x6147f7452c30;
    %pushi/vec4 1, 0, 1;
    %store/vec4 v0x6147f7490ec0_0, 0, 1;
    %wait E_0x6147f7452c30;
    %pushi/vec4 0, 0, 1;
    %store/vec4 v0x6147f7490ec0_0, 0, 1;
T_0.0 ;
    %load/vec4 v0x6147f7490820_0;
    %pushi/vec4 1, 0, 1;
    %cmp/e;
    %flag_get/vec4 4;
    %cmpi/ne 1, 0, 1;
    %jmp/0xz T_0.1, 6;
    %wait E_0x6147f74533e0;
    %jmp T_0.0;
T_0.1 ;
    %wait E_0x6147f7452c30;
    %load/vec4 v0x6147f74908e0_0;
    %load/vec4 v0x6147f746c4f0_0;
    %cmp/ne;
    %jmp/1 T_0.4, 6;
    %flag_mov 8, 6;
    %load/vec4 v0x6147f74909a0_0;
    %load/vec4 v0x6147f746c7d0_0;
    %cmp/ne;
    %flag_or 6, 8;
T_0.4;
    %jmp/0xz  T_0.2, 6;
    %vpi_call 2 59 "$display", "FALLO: a=%0d b=%0d -> Q=%0d Rem=%0d (esperado Q=%0d Rem=%0d)", v0x6147f7468e50_0, v0x6147f7465f20_0, v0x6147f74908e0_0, v0x6147f74909a0_0, v0x6147f746c4f0_0, v0x6147f746c7d0_0 {0 0 0};
    %load/vec4 v0x6147f7490cf0_0;
    %addi 1, 0, 32;
    %store/vec4 v0x6147f7490cf0_0, 0, 32;
    %jmp T_0.3;
T_0.2 ;
    %vpi_call 2 63 "$display", "OK   : a=%0d b=%0d -> Q=%0d Rem=%0d", v0x6147f7468e50_0, v0x6147f7465f20_0, v0x6147f74908e0_0, v0x6147f74909a0_0 {0 0 0};
T_0.3 ;
    %wait E_0x6147f7452c30;
    %end;
S_0x6147f748a4b0 .scope module, "uut" "divisor_top" 2 23, 3 6 0, S_0x6147f7450530;
 .timescale -9 -12;
    .port_info 0 /INPUT 1 "clk";
    .port_info 1 /INPUT 1 "rst";
    .port_info 2 /INPUT 1 "start";
    .port_info 3 /INPUT 16 "a";
    .port_info 4 /INPUT 16 "b";
    .port_info 5 /OUTPUT 16 "Q";
    .port_info 6 /OUTPUT 16 "Rem";
    .port_info 7 /OUTPUT 1 "DONE";
P_0x6147f7450710 .param/l "CNT_WIDTH" 0 3 8, +C4<00000000000000000000000000000101>;
P_0x6147f7450750 .param/l "N" 0 3 7, +C4<00000000000000000000000000010000>;
v0x6147f748fbd0_0 .net "AO", 0 0, v0x6147f7437be0_0;  1 drivers
v0x6147f748fc90_0 .net "CO", 0 0, v0x6147f7437f10_0;  1 drivers
v0x6147f748fd50_0 .net "DONE", 0 0, v0x6147f7438730_0;  alias, 1 drivers
v0x6147f748fdf0_0 .net "INC", 0 0, v0x6147f748af30_0;  1 drivers
v0x6147f748fe90_0 .net "LDA", 0 0, v0x6147f748aff0_0;  1 drivers
v0x6147f748ff80_0 .net "LDR", 0 0, v0x6147f748b100_0;  1 drivers
v0x6147f7490020_0 .net "MSB", 0 0, L_0x6147f7491490;  1 drivers
v0x6147f74900c0_0 .net "Q", 15 0, v0x6147f748d890_0;  alias, 1 drivers
v0x6147f74901b0_0 .net "Rem", 15 0, v0x6147f748dd10_0;  alias, 1 drivers
v0x6147f74902e0_0 .net "Z", 0 0, L_0x6147f74916b0;  1 drivers
v0x6147f7490380_0 .net "a", 15 0, v0x6147f7490ad0_0;  1 drivers
v0x6147f7490420_0 .net "b", 15 0, v0x6147f7490b90_0;  1 drivers
v0x6147f7490530_0 .net "clk", 0 0, v0x6147f7490c50_0;  1 drivers
v0x6147f74905d0_0 .net "rst", 0 0, v0x6147f7490dd0_0;  1 drivers
v0x6147f7490670_0 .net "start", 0 0, v0x6147f7490ec0_0;  1 drivers
S_0x6147f748a8b0 .scope module, "u_control" "control" 3 23, 4 13 0, S_0x6147f748a4b0;
 .timescale -9 -12;
    .port_info 0 /INPUT 1 "clk";
    .port_info 1 /INPUT 1 "rst";
    .port_info 2 /INPUT 1 "start";
    .port_info 3 /INPUT 1 "MSB";
    .port_info 4 /INPUT 1 "Z";
    .port_info 5 /OUTPUT 1 "LDA";
    .port_info 6 /OUTPUT 1 "CO";
    .port_info 7 /OUTPUT 1 "AO";
    .port_info 8 /OUTPUT 1 "INC";
    .port_info 9 /OUTPUT 1 "LDR";
    .port_info 10 /OUTPUT 1 "DONE";
P_0x6147f748aa90 .param/l "ADDST" 1 4 31, C4<011>;
P_0x6147f748aad0 .param/l "CHECK" 1 4 30, C4<010>;
P_0x6147f748ab10 .param/l "ENDST" 1 4 32, C4<100>;
P_0x6147f748ab50 .param/l "SHIFT" 1 4 29, C4<001>;
P_0x6147f748ab90 .param/l "START" 1 4 28, C4<000>;
v0x6147f7437be0_0 .var "AO", 0 0;
v0x6147f7437f10_0 .var "CO", 0 0;
v0x6147f7438730_0 .var "DONE", 0 0;
v0x6147f748af30_0 .var "INC", 0 0;
v0x6147f748aff0_0 .var "LDA", 0 0;
v0x6147f748b100_0 .var "LDR", 0 0;
v0x6147f748b1c0_0 .net "MSB", 0 0, L_0x6147f7491490;  alias, 1 drivers
v0x6147f748b280_0 .net "Z", 0 0, L_0x6147f74916b0;  alias, 1 drivers
v0x6147f748b340_0 .net "clk", 0 0, v0x6147f7490c50_0;  alias, 1 drivers
v0x6147f748b400_0 .var "next_state", 2 0;
v0x6147f748b4e0_0 .net "rst", 0 0, v0x6147f7490dd0_0;  alias, 1 drivers
v0x6147f748b5a0_0 .net "start", 0 0, v0x6147f7490ec0_0;  alias, 1 drivers
v0x6147f748b660_0 .var "state", 2 0;
E_0x6147f74530f0 .event anyedge, v0x6147f748b660_0;
E_0x6147f7429310 .event anyedge, v0x6147f748b660_0, v0x6147f748b5a0_0, v0x6147f748b1c0_0, v0x6147f748b280_0;
E_0x6147f746de70 .event posedge, v0x6147f748b4e0_0, v0x6147f748b340_0;
S_0x6147f748b900 .scope module, "u_datapath" "datapath" 3 37, 5 7 0, S_0x6147f748a4b0;
 .timescale -9 -12;
    .port_info 0 /INPUT 1 "clk";
    .port_info 1 /INPUT 16 "a";
    .port_info 2 /INPUT 16 "b";
    .port_info 3 /INPUT 1 "LDA";
    .port_info 4 /INPUT 1 "CO";
    .port_info 5 /INPUT 1 "AO";
    .port_info 6 /INPUT 1 "INC";
    .port_info 7 /INPUT 1 "LDR";
    .port_info 8 /OUTPUT 1 "MSB";
    .port_info 9 /OUTPUT 1 "Z";
    .port_info 10 /OUTPUT 16 "Q";
    .port_info 11 /OUTPUT 16 "Rem";
P_0x6147f748bab0 .param/l "CNT_WIDTH" 0 5 9, +C4<00000000000000000000000000000101>;
P_0x6147f748baf0 .param/l "N" 0 5 8, +C4<00000000000000000000000000010000>;
v0x6147f748ec90_0 .net "AO", 0 0, v0x6147f7437be0_0;  alias, 1 drivers
v0x6147f748ed50_0 .net "B_reg", 15 0, v0x6147f748d0e0_0;  1 drivers
v0x6147f748ee60_0 .net "CO", 0 0, v0x6147f7437f10_0;  alias, 1 drivers
v0x6147f748ef50_0 .net "INC", 0 0, v0x6147f748af30_0;  alias, 1 drivers
v0x6147f748f040_0 .net "LDA", 0 0, v0x6147f748aff0_0;  alias, 1 drivers
v0x6147f748f1c0_0 .net "LDR", 0 0, v0x6147f748b100_0;  alias, 1 drivers
v0x6147f748f260_0 .net "MSB", 0 0, L_0x6147f7491490;  alias, 1 drivers
v0x6147f748f350_0 .net "Q", 15 0, v0x6147f748d890_0;  alias, 1 drivers
v0x6147f748f3f0_0 .net "Rem", 15 0, v0x6147f748dd10_0;  alias, 1 drivers
v0x6147f748f520_0 .net "Z", 0 0, L_0x6147f74916b0;  alias, 1 drivers
v0x6147f748f610_0 .net "a", 15 0, v0x6147f7490ad0_0;  alias, 1 drivers
v0x6147f748f6d0_0 .net "b", 15 0, v0x6147f7490b90_0;  alias, 1 drivers
v0x6147f748f770_0 .net "clk", 0 0, v0x6147f7490c50_0;  alias, 1 drivers
v0x6147f748f8a0_0 .net "count", 4 0, v0x6147f748cb30_0;  1 drivers
v0x6147f748f940_0 .net "sub_result", 15 0, L_0x6147f74913a0;  1 drivers
S_0x6147f748bdd0 .scope module, "u_comparador" "comparador" 5 62, 6 6 0, S_0x6147f748b900;
 .timescale -9 -12;
    .port_info 0 /INPUT 5 "count";
    .port_info 1 /OUTPUT 1 "Z";
P_0x6147f748bb90 .param/l "N" 0 6 7, +C4<00000000000000000000000000010000>;
P_0x6147f748bbd0 .param/l "WIDTH" 0 6 8, +C4<00000000000000000000000000000101>;
v0x6147f748c160_0 .net "Z", 0 0, L_0x6147f74916b0;  alias, 1 drivers
L_0x7a737a66e0a8 .functor BUFT 1, C4<10000>, C4<0>, C4<0>, C4<0>;
v0x6147f748c250_0 .net/2u *"_ivl_0", 4 0, L_0x7a737a66e0a8;  1 drivers
v0x6147f748c310_0 .net *"_ivl_2", 0 0, L_0x6147f74915c0;  1 drivers
L_0x7a737a66e0f0 .functor BUFT 1, C4<1>, C4<0>, C4<0>, C4<0>;
v0x6147f748c3e0_0 .net/2u *"_ivl_4", 0 0, L_0x7a737a66e0f0;  1 drivers
L_0x7a737a66e138 .functor BUFT 1, C4<0>, C4<0>, C4<0>, C4<0>;
v0x6147f748c4c0_0 .net/2u *"_ivl_6", 0 0, L_0x7a737a66e138;  1 drivers
v0x6147f748c5f0_0 .net "count", 4 0, v0x6147f748cb30_0;  alias, 1 drivers
L_0x6147f74915c0 .cmp/eq 5, v0x6147f748cb30_0, L_0x7a737a66e0a8;
L_0x6147f74916b0 .functor MUXZ 1, L_0x7a737a66e138, L_0x7a737a66e0f0, L_0x6147f74915c0, C4<>;
S_0x6147f748c730 .scope module, "u_contador_i" "contador_i" 5 55, 7 8 0, S_0x6147f748b900;
 .timescale -9 -12;
    .port_info 0 /INPUT 1 "clk";
    .port_info 1 /INPUT 1 "rst";
    .port_info 2 /INPUT 1 "inc";
    .port_info 3 /OUTPUT 5 "count";
P_0x6147f748c910 .param/l "WIDTH" 0 7 9, +C4<00000000000000000000000000000101>;
v0x6147f748ca40_0 .net "clk", 0 0, v0x6147f7490c50_0;  alias, 1 drivers
v0x6147f748cb30_0 .var "count", 4 0;
v0x6147f748cc00_0 .net "inc", 0 0, v0x6147f748af30_0;  alias, 1 drivers
v0x6147f748cd00_0 .net "rst", 0 0, v0x6147f748aff0_0;  alias, 1 drivers
E_0x6147f748c9e0 .event negedge, v0x6147f748b340_0;
S_0x6147f748ce00 .scope module, "u_reg_divisor" "reg_divisor" 5 29, 8 6 0, S_0x6147f748b900;
 .timescale -9 -12;
    .port_info 0 /INPUT 1 "clk";
    .port_info 1 /INPUT 1 "LDA";
    .port_info 2 /INPUT 16 "b_in";
    .port_info 3 /OUTPUT 16 "B";
P_0x6147f748cfe0 .param/l "N" 0 8 7, +C4<00000000000000000000000000010000>;
v0x6147f748d0e0_0 .var "B", 15 0;
v0x6147f748d1c0_0 .net "LDA", 0 0, v0x6147f748aff0_0;  alias, 1 drivers
v0x6147f748d2d0_0 .net "b_in", 15 0, v0x6147f7490b90_0;  alias, 1 drivers
v0x6147f748d370_0 .net "clk", 0 0, v0x6147f7490c50_0;  alias, 1 drivers
S_0x6147f748d4e0 .scope module, "u_reg_ra" "reg_ra" 5 43, 9 11 0, S_0x6147f748b900;
 .timescale -9 -12;
    .port_info 0 /INPUT 1 "clk";
    .port_info 1 /INPUT 1 "LDA";
    .port_info 2 /INPUT 1 "CO";
    .port_info 3 /INPUT 1 "AO";
    .port_info 4 /INPUT 1 "LDR";
    .port_info 5 /INPUT 16 "a_in";
    .port_info 6 /INPUT 16 "sub_result";
    .port_info 7 /OUTPUT 16 "R";
    .port_info 8 /OUTPUT 16 "A";
P_0x6147f748d6c0 .param/l "N" 0 9 12, +C4<00000000000000000000000000010000>;
v0x6147f748d890_0 .var "A", 15 0;
v0x6147f748d990_0 .net "AO", 0 0, v0x6147f7437be0_0;  alias, 1 drivers
v0x6147f748da80_0 .net "CO", 0 0, v0x6147f7437f10_0;  alias, 1 drivers
v0x6147f748db80_0 .net "LDA", 0 0, v0x6147f748aff0_0;  alias, 1 drivers
v0x6147f748dc20_0 .net "LDR", 0 0, v0x6147f748b100_0;  alias, 1 drivers
v0x6147f748dd10_0 .var "R", 15 0;
v0x6147f748ddb0_0 .net "a_in", 15 0, v0x6147f7490ad0_0;  alias, 1 drivers
v0x6147f748de50_0 .net "clk", 0 0, v0x6147f7490c50_0;  alias, 1 drivers
v0x6147f748def0_0 .net "sub_result", 15 0, L_0x6147f74913a0;  alias, 1 drivers
S_0x6147f748e0d0 .scope module, "u_restador" "restador" 5 36, 10 8 0, S_0x6147f748b900;
 .timescale -9 -12;
    .port_info 0 /INPUT 16 "R";
    .port_info 1 /INPUT 16 "B";
    .port_info 2 /OUTPUT 16 "result";
    .port_info 3 /OUTPUT 1 "MSB";
P_0x6147f748e2b0 .param/l "N" 0 10 9, +C4<00000000000000000000000000010000>;
v0x6147f748e410_0 .net "B", 15 0, v0x6147f748d0e0_0;  alias, 1 drivers
v0x6147f748e520_0 .net "MSB", 0 0, L_0x6147f7491490;  alias, 1 drivers
v0x6147f748e5f0_0 .net "R", 15 0, v0x6147f748dd10_0;  alias, 1 drivers
L_0x7a737a66e018 .functor BUFT 1, C4<0>, C4<0>, C4<0>, C4<0>;
v0x6147f748e6f0_0 .net/2u *"_ivl_0", 0 0, L_0x7a737a66e018;  1 drivers
v0x6147f748e790_0 .net *"_ivl_2", 16 0, L_0x6147f74910d0;  1 drivers
L_0x7a737a66e060 .functor BUFT 1, C4<0>, C4<0>, C4<0>, C4<0>;
v0x6147f748e8a0_0 .net/2u *"_ivl_4", 0 0, L_0x7a737a66e060;  1 drivers
v0x6147f748e980_0 .net *"_ivl_6", 16 0, L_0x6147f7491170;  1 drivers
v0x6147f748ea60_0 .net "diff", 16 0, L_0x6147f7491260;  1 drivers
v0x6147f748eb40_0 .net "result", 15 0, L_0x6147f74913a0;  alias, 1 drivers
L_0x6147f74910d0 .concat [ 16 1 0 0], v0x6147f748dd10_0, L_0x7a737a66e018;
L_0x6147f7491170 .concat [ 16 1 0 0], v0x6147f748d0e0_0, L_0x7a737a66e060;
L_0x6147f7491260 .arith/sub 17, L_0x6147f74910d0, L_0x6147f7491170;
L_0x6147f74913a0 .part L_0x6147f7491260, 0, 16;
L_0x6147f7491490 .part L_0x6147f7491260, 16, 1;
    .scope S_0x6147f748a8b0;
T_1 ;
    %wait E_0x6147f746de70;
    %load/vec4 v0x6147f748b4e0_0;
    %flag_set/vec4 8;
    %jmp/0xz  T_1.0, 8;
    %pushi/vec4 0, 0, 3;
    %assign/vec4 v0x6147f748b660_0, 0;
    %jmp T_1.1;
T_1.0 ;
    %load/vec4 v0x6147f748b400_0;
    %assign/vec4 v0x6147f748b660_0, 0;
T_1.1 ;
    %jmp T_1;
    .thread T_1;
    .scope S_0x6147f748a8b0;
T_2 ;
    %wait E_0x6147f7429310;
    %load/vec4 v0x6147f748b660_0;
    %dup/vec4;
    %pushi/vec4 0, 0, 3;
    %cmp/u;
    %jmp/1 T_2.0, 6;
    %dup/vec4;
    %pushi/vec4 1, 0, 3;
    %cmp/u;
    %jmp/1 T_2.1, 6;
    %dup/vec4;
    %pushi/vec4 2, 0, 3;
    %cmp/u;
    %jmp/1 T_2.2, 6;
    %dup/vec4;
    %pushi/vec4 3, 0, 3;
    %cmp/u;
    %jmp/1 T_2.3, 6;
    %dup/vec4;
    %pushi/vec4 4, 0, 3;
    %cmp/u;
    %jmp/1 T_2.4, 6;
    %pushi/vec4 0, 0, 3;
    %store/vec4 v0x6147f748b400_0, 0, 3;
    %jmp T_2.6;
T_2.0 ;
    %load/vec4 v0x6147f748b5a0_0;
    %flag_set/vec4 8;
    %jmp/0 T_2.7, 8;
    %pushi/vec4 1, 0, 3;
    %jmp/1 T_2.8, 8;
T_2.7 ; End of true expr.
    %pushi/vec4 0, 0, 3;
    %jmp/0 T_2.8, 8;
 ; End of false expr.
    %blend;
T_2.8;
    %store/vec4 v0x6147f748b400_0, 0, 3;
    %jmp T_2.6;
T_2.1 ;
    %pushi/vec4 2, 0, 3;
    %store/vec4 v0x6147f748b400_0, 0, 3;
    %jmp T_2.6;
T_2.2 ;
    %load/vec4 v0x6147f748b1c0_0;
    %flag_set/vec4 8;
    %jmp/0 T_2.9, 8;
    %load/vec4 v0x6147f748b280_0;
    %flag_set/vec4 9;
    %jmp/0 T_2.11, 9;
    %pushi/vec4 4, 0, 3;
    %jmp/1 T_2.12, 9;
T_2.11 ; End of true expr.
    %pushi/vec4 1, 0, 3;
    %jmp/0 T_2.12, 9;
 ; End of false expr.
    %blend;
T_2.12;
    %jmp/1 T_2.10, 8;
T_2.9 ; End of true expr.
    %pushi/vec4 3, 0, 3;
    %jmp/0 T_2.10, 8;
 ; End of false expr.
    %blend;
T_2.10;
    %store/vec4 v0x6147f748b400_0, 0, 3;
    %jmp T_2.6;
T_2.3 ;
    %load/vec4 v0x6147f748b280_0;
    %flag_set/vec4 8;
    %jmp/0 T_2.13, 8;
    %pushi/vec4 4, 0, 3;
    %jmp/1 T_2.14, 8;
T_2.13 ; End of true expr.
    %pushi/vec4 1, 0, 3;
    %jmp/0 T_2.14, 8;
 ; End of false expr.
    %blend;
T_2.14;
    %store/vec4 v0x6147f748b400_0, 0, 3;
    %jmp T_2.6;
T_2.4 ;
    %pushi/vec4 0, 0, 3;
    %store/vec4 v0x6147f748b400_0, 0, 3;
    %jmp T_2.6;
T_2.6 ;
    %pop/vec4 1;
    %jmp T_2;
    .thread T_2, $push;
    .scope S_0x6147f748a8b0;
T_3 ;
    %wait E_0x6147f74530f0;
    %pushi/vec4 0, 0, 1;
    %store/vec4 v0x6147f748aff0_0, 0, 1;
    %pushi/vec4 0, 0, 1;
    %store/vec4 v0x6147f7437f10_0, 0, 1;
    %pushi/vec4 0, 0, 1;
    %store/vec4 v0x6147f7437be0_0, 0, 1;
    %pushi/vec4 0, 0, 1;
    %store/vec4 v0x6147f748af30_0, 0, 1;
    %pushi/vec4 0, 0, 1;
    %store/vec4 v0x6147f748b100_0, 0, 1;
    %pushi/vec4 0, 0, 1;
    %store/vec4 v0x6147f7438730_0, 0, 1;
    %load/vec4 v0x6147f748b660_0;
    %dup/vec4;
    %pushi/vec4 0, 0, 3;
    %cmp/u;
    %jmp/1 T_3.0, 6;
    %dup/vec4;
    %pushi/vec4 1, 0, 3;
    %cmp/u;
    %jmp/1 T_3.1, 6;
    %dup/vec4;
    %pushi/vec4 2, 0, 3;
    %cmp/u;
    %jmp/1 T_3.2, 6;
    %dup/vec4;
    %pushi/vec4 3, 0, 3;
    %cmp/u;
    %jmp/1 T_3.3, 6;
    %dup/vec4;
    %pushi/vec4 4, 0, 3;
    %cmp/u;
    %jmp/1 T_3.4, 6;
    %jmp T_3.6;
T_3.0 ;
    %pushi/vec4 1, 0, 1;
    %store/vec4 v0x6147f748aff0_0, 0, 1;
    %jmp T_3.6;
T_3.1 ;
    %pushi/vec4 1, 0, 1;
    %store/vec4 v0x6147f7437f10_0, 0, 1;
    %pushi/vec4 1, 0, 1;
    %store/vec4 v0x6147f748af30_0, 0, 1;
    %jmp T_3.6;
T_3.2 ;
    %jmp T_3.6;
T_3.3 ;
    %pushi/vec4 1, 0, 1;
    %store/vec4 v0x6147f7437be0_0, 0, 1;
    %pushi/vec4 1, 0, 1;
    %store/vec4 v0x6147f748b100_0, 0, 1;
    %jmp T_3.6;
T_3.4 ;
    %pushi/vec4 1, 0, 1;
    %store/vec4 v0x6147f7438730_0, 0, 1;
    %jmp T_3.6;
T_3.6 ;
    %pop/vec4 1;
    %jmp T_3;
    .thread T_3, $push;
    .scope S_0x6147f748ce00;
T_4 ;
    %wait E_0x6147f748c9e0;
    %load/vec4 v0x6147f748d1c0_0;
    %flag_set/vec4 8;
    %jmp/0xz  T_4.0, 8;
    %load/vec4 v0x6147f748d2d0_0;
    %assign/vec4 v0x6147f748d0e0_0, 0;
T_4.0 ;
    %jmp T_4;
    .thread T_4;
    .scope S_0x6147f748d4e0;
T_5 ;
    %wait E_0x6147f748c9e0;
    %load/vec4 v0x6147f748db80_0;
    %flag_set/vec4 8;
    %jmp/0xz  T_5.0, 8;
    %load/vec4 v0x6147f748ddb0_0;
    %assign/vec4 v0x6147f748d890_0, 0;
    %pushi/vec4 0, 0, 16;
    %assign/vec4 v0x6147f748dd10_0, 0;
    %jmp T_5.1;
T_5.0 ;
    %load/vec4 v0x6147f748da80_0;
    %flag_set/vec4 8;
    %jmp/0xz  T_5.2, 8;
    %load/vec4 v0x6147f748dd10_0;
    %load/vec4 v0x6147f748d890_0;
    %concat/vec4; draw_concat_vec4
    %ix/load 4, 1, 0;
    %flag_set/imm 4, 0;
    %shiftl 4;
    %split/vec4 16;
    %assign/vec4 v0x6147f748d890_0, 0;
    %assign/vec4 v0x6147f748dd10_0, 0;
    %jmp T_5.3;
T_5.2 ;
    %load/vec4 v0x6147f748dc20_0;
    %flag_set/vec4 8;
    %jmp/0xz  T_5.4, 8;
    %load/vec4 v0x6147f748def0_0;
    %assign/vec4 v0x6147f748dd10_0, 0;
T_5.4 ;
    %load/vec4 v0x6147f748d990_0;
    %flag_set/vec4 8;
    %jmp/0xz  T_5.6, 8;
    %pushi/vec4 1, 0, 1;
    %ix/load 4, 0, 0;
    %ix/load 5, 0, 0;
    %flag_set/imm 4, 0;
    %assign/vec4/off/d v0x6147f748d890_0, 4, 5;
T_5.6 ;
T_5.3 ;
T_5.1 ;
    %jmp T_5;
    .thread T_5;
    .scope S_0x6147f748c730;
T_6 ;
    %wait E_0x6147f748c9e0;
    %load/vec4 v0x6147f748cd00_0;
    %flag_set/vec4 8;
    %jmp/0xz  T_6.0, 8;
    %pushi/vec4 0, 0, 5;
    %assign/vec4 v0x6147f748cb30_0, 0;
    %jmp T_6.1;
T_6.0 ;
    %load/vec4 v0x6147f748cc00_0;
    %flag_set/vec4 8;
    %jmp/0xz  T_6.2, 8;
    %load/vec4 v0x6147f748cb30_0;
    %addi 1, 0, 5;
    %assign/vec4 v0x6147f748cb30_0, 0;
T_6.2 ;
T_6.1 ;
    %jmp T_6;
    .thread T_6;
    .scope S_0x6147f7450530;
T_7 ;
    %pushi/vec4 0, 0, 32;
    %store/vec4 v0x6147f7490cf0_0, 0, 32;
    %pushi/vec4 0, 0, 32;
    %store/vec4 v0x6147f7490ff0_0, 0, 32;
    %end;
    .thread T_7;
    .scope S_0x6147f7450530;
T_8 ;
    %pushi/vec4 0, 0, 1;
    %store/vec4 v0x6147f7490c50_0, 0, 1;
    %end;
    .thread T_8;
    .scope S_0x6147f7450530;
T_9 ;
    %delay 5000, 0;
    %load/vec4 v0x6147f7490c50_0;
    %inv;
    %store/vec4 v0x6147f7490c50_0, 0, 1;
    %jmp T_9;
    .thread T_9;
    .scope S_0x6147f7450530;
T_10 ;
    %vpi_call 2 72 "$dumpfile", "divisor_top_TB.vcd" {0 0 0};
    %vpi_call 2 73 "$dumpvars", 32'sb00000000000000000000000000000000, S_0x6147f7450530 {0 0 0};
    %pushi/vec4 1, 0, 1;
    %store/vec4 v0x6147f7490dd0_0, 0, 1;
    %pushi/vec4 0, 0, 1;
    %store/vec4 v0x6147f7490ec0_0, 0, 1;
    %pushi/vec4 0, 0, 16;
    %store/vec4 v0x6147f7490ad0_0, 0, 16;
    %pushi/vec4 0, 0, 16;
    %store/vec4 v0x6147f7490b90_0, 0, 16;
    %pushi/vec4 2, 0, 32;
T_10.0 %dup/vec4;
    %pushi/vec4 0, 0, 32;
    %cmp/s;
    %jmp/1xz T_10.1, 5;
    %jmp/1 T_10.1, 4;
    %pushi/vec4 1, 0, 32;
    %sub;
    %wait E_0x6147f7452c30;
    %jmp T_10.0;
T_10.1 ;
    %pop/vec4 1;
    %pushi/vec4 0, 0, 1;
    %store/vec4 v0x6147f7490dd0_0, 0, 1;
    %wait E_0x6147f7452c30;
    %pushi/vec4 20, 0, 16;
    %store/vec4 v0x6147f7468e50_0, 0, 16;
    %pushi/vec4 4, 0, 16;
    %store/vec4 v0x6147f7465f20_0, 0, 16;
    %fork TD_tb_divisor.run_test, S_0x6147f74507f0;
    %join;
    %pushi/vec4 100, 0, 16;
    %store/vec4 v0x6147f7468e50_0, 0, 16;
    %pushi/vec4 7, 0, 16;
    %store/vec4 v0x6147f7465f20_0, 0, 16;
    %fork TD_tb_divisor.run_test, S_0x6147f74507f0;
    %join;
    %pushi/vec4 65535, 0, 16;
    %store/vec4 v0x6147f7468e50_0, 0, 16;
    %pushi/vec4 1, 0, 16;
    %store/vec4 v0x6147f7465f20_0, 0, 16;
    %fork TD_tb_divisor.run_test, S_0x6147f74507f0;
    %join;
    %pushi/vec4 65535, 0, 16;
    %store/vec4 v0x6147f7468e50_0, 0, 16;
    %pushi/vec4 65535, 0, 16;
    %store/vec4 v0x6147f7465f20_0, 0, 16;
    %fork TD_tb_divisor.run_test, S_0x6147f74507f0;
    %join;
    %pushi/vec4 1, 0, 16;
    %store/vec4 v0x6147f7468e50_0, 0, 16;
    %pushi/vec4 1, 0, 16;
    %store/vec4 v0x6147f7465f20_0, 0, 16;
    %fork TD_tb_divisor.run_test, S_0x6147f74507f0;
    %join;
    %pushi/vec4 0, 0, 16;
    %store/vec4 v0x6147f7468e50_0, 0, 16;
    %pushi/vec4 5, 0, 16;
    %store/vec4 v0x6147f7465f20_0, 0, 16;
    %fork TD_tb_divisor.run_test, S_0x6147f74507f0;
    %join;
    %pushi/vec4 12345, 0, 16;
    %store/vec4 v0x6147f7468e50_0, 0, 16;
    %pushi/vec4 100, 0, 16;
    %store/vec4 v0x6147f7465f20_0, 0, 16;
    %fork TD_tb_divisor.run_test, S_0x6147f74507f0;
    %join;
    %vpi_call 2 90 "$display", "--------------------------------------------------" {0 0 0};
    %load/vec4 v0x6147f7490cf0_0;
    %cmpi/e 0, 0, 32;
    %jmp/0xz  T_10.2, 4;
    %vpi_call 2 92 "$display", "TODAS LAS PRUEBAS PASARON (%0d/%0d)", v0x6147f7490ff0_0, v0x6147f7490ff0_0 {0 0 0};
    %jmp T_10.3;
T_10.2 ;
    %vpi_call 2 94 "$display", "%0d DE %0d PRUEBAS FALLARON", v0x6147f7490cf0_0, v0x6147f7490ff0_0 {0 0 0};
T_10.3 ;
    %vpi_call 2 96 "$finish" {0 0 0};
    %end;
    .thread T_10;
# The file index is used to find the file name in the following table.
:file_names 11;
    "N/A";
    "<interactive>";
    "divisor_top_TB.v";
    "divisor_top.v";
    "control.v";
    "datapath.v";
    "comparador.v";
    "contador_i.v";
    "reg_divisor.v";
    "reg_ra.v";
    "restador.v";
